{"C:\\workspace\\teammanagement\\components\\breadcrumb-nav.tsx": {"path":"C:\\workspace\\teammanagement\\components\\breadcrumb-nav.tsx","statementMap":{"0":{"start":{"line":4,"column":16},"end":{"line":4,"column":null}},"1":{"start":{"line":1,"column":35},"end":{"line":1,"column":null}},"2":{"start":{"line":2,"column":17},"end":{"line":2,"column":null}}},"fnMap":{"0":{"name":"BreadcrumbNav","decl":{"start":{"line":4,"column":16},"end":{"line":4,"column":null}},"loc":{"start":{"line":4,"column":16},"end":{"line":16,"column":null}}}},"branchMap":{},"s":{"0":0,"1":0,"2":0},"f":{"0":0},"b":{}}
,"C:\\workspace\\teammanagement\\components\\confirm-modal.tsx": {"path":"C:\\workspace\\teammanagement\\components\\confirm-modal.tsx","statementMap":{"0":{"start":{"line":22,"column":16},"end":{"line":22,"column":29}},"1":{"start":{"line":12,"column":7},"end":{"line":12,"column":null}}},"fnMap":{"0":{"name":"ConfirmModal","decl":{"start":{"line":22,"column":16},"end":{"line":22,"column":29}},"loc":{"start":{"line":22,"column":101},"end":{"line":41,"column":null}}}},"branchMap":{"0":{"loc":{"start":{"line":35,"column":18},"end":{"line":35,"column":null}},"type":"cond-expr","locations":[{"start":{"line":35,"column":45},"end":{"line":35,"column":56}},{"start":{"line":35,"column":56},"end":{"line":35,"column":null}}]}},"s":{"0":0,"1":0},"f":{"0":0},"b":{"0":[0,0]}}
,"C:\\workspace\\teammanagement\\components\\create-team-modal.tsx": {"path":"C:\\workspace\\teammanagement\\components\\create-team-modal.tsx","statementMap":{"0":{"start":{"line":23,"column":16},"end":{"line":23,"column":32}},"1":{"start":{"line":3,"column":24},"end":{"line":3,"column":null}},"2":{"start":{"line":4,"column":28},"end":{"line":4,"column":null}},"3":{"start":{"line":5,"column":31},"end":{"line":5,"column":null}},"4":{"start":{"line":6,"column":61},"end":{"line":6,"column":null}},"5":{"start":{"line":7,"column":23},"end":{"line":7,"column":null}},"6":{"start":{"line":8,"column":22},"end":{"line":8,"column":null}},"7":{"start":{"line":9,"column":25},"end":{"line":9,"column":null}},"8":{"start":{"line":10,"column":22},"end":{"line":10,"column":null}},"9":{"start":{"line":11,"column":78},"end":{"line":11,"column":null}},"10":{"start":{"line":12,"column":30},"end":{"line":12,"column":null}},"11":{"start":{"line":13,"column":50},"end":{"line":13,"column":null}},"12":{"start":{"line":14,"column":29},"end":{"line":14,"column":null}},"13":{"start":{"line":15,"column":34},"end":{"line":15,"column":null}},"14":{"start":{"line":16,"column":36},"end":{"line":16,"column":null}},"15":{"start":{"line":24,"column":25},"end":{"line":24,"column":null}},"16":{"start":{"line":25,"column":40},"end":{"line":25,"column":null}},"17":{"start":{"line":26,"column":50},"end":{"line":26,"column":null}},"18":{"start":{"line":27,"column":40},"end":{"line":27,"column":null}},"19":{"start":{"line":36,"column":6},"end":{"line":47,"column":null}},"20":{"start":{"line":49,"column":2},"end":{"line":61,"column":null}},"21":{"start":{"line":50,"column":4},"end":{"line":60,"column":null}},"22":{"start":{"line":51,"column":6},"end":{"line":58,"column":null}},"23":{"start":{"line":59,"column":6},"end":{"line":59,"column":null}},"24":{"start":{"line":63,"column":25},"end":{"line":63,"column":null}},"25":{"start":{"line":64,"column":20},"end":{"line":64,"column":null}},"26":{"start":{"line":65,"column":20},"end":{"line":65,"column":null}},"27":{"start":{"line":67,"column":22},"end":{"line":67,"column":null}},"28":{"start":{"line":68,"column":22},"end":{"line":68,"column":null}},"29":{"start":{"line":70,"column":23},"end":{"line":73,"column":null}},"30":{"start":{"line":71,"column":4},"end":{"line":71,"column":null}},"31":{"start":{"line":72,"column":4},"end":{"line":72,"column":null}},"32":{"start":{"line":75,"column":24},"end":{"line":105,"column":null}},"33":{"start":{"line":76,"column":4},"end":{"line":76,"column":null}},"34":{"start":{"line":76,"column":22},"end":{"line":76,"column":null}},"35":{"start":{"line":78,"column":4},"end":{"line":104,"column":null}},"36":{"start":{"line":80,"column":23},"end":{"line":85,"column":null}},"37":{"start":{"line":82,"column":20},"end":{"line":82,"column":24}},"38":{"start":{"line":87,"column":6},"end":{"line":97,"column":null}},"39":{"start":{"line":99,"column":6},"end":{"line":99,"column":null}},"40":{"start":{"line":100,"column":6},"end":{"line":100,"column":null}},"41":{"start":{"line":102,"column":6},"end":{"line":102,"column":null}},"42":{"start":{"line":103,"column":6},"end":{"line":103,"column":null}},"43":{"start":{"line":107,"column":34},"end":{"line":119,"column":null}},"44":{"start":{"line":108,"column":4},"end":{"line":108,"column":null}},"45":{"start":{"line":109,"column":4},"end":{"line":109,"column":null}},"46":{"start":{"line":110,"column":4},"end":{"line":117,"column":null}},"47":{"start":{"line":118,"column":4},"end":{"line":118,"column":null}},"48":{"start":{"line":121,"column":22},"end":{"line":132,"column":null}},"49":{"start":{"line":122,"column":4},"end":{"line":129,"column":null}},"50":{"start":{"line":130,"column":4},"end":{"line":130,"column":null}},"51":{"start":{"line":131,"column":4},"end":{"line":131,"column":null}},"52":{"start":{"line":134,"column":19},"end":{"line":134,"column":null}},"53":{"start":{"line":206,"column":20},"end":{"line":206,"column":null}},"54":{"start":{"line":207,"column":20},"end":{"line":207,"column":null}},"55":{"start":{"line":281,"column":42},"end":{"line":281,"column":null}},"56":{"start":{"line":294,"column":20},"end":{"line":294,"column":45}}},"fnMap":{"0":{"name":"CreateTeamModal","decl":{"start":{"line":23,"column":16},"end":{"line":23,"column":32}},"loc":{"start":{"line":23,"column":76},"end":{"line":372,"column":null}}},"1":{"name":"(anonymous_2)","decl":{"start":{"line":49,"column":12},"end":{"line":49,"column":null}},"loc":{"start":{"line":49,"column":12},"end":{"line":61,"column":5}}},"2":{"name":"(anonymous_3)","decl":{"start":{"line":70,"column":23},"end":{"line":70,"column":24}},"loc":{"start":{"line":70,"column":24},"end":{"line":73,"column":null}}},"3":{"name":"(anonymous_4)","decl":{"start":{"line":75,"column":24},"end":{"line":75,"column":null}},"loc":{"start":{"line":75,"column":24},"end":{"line":105,"column":null}}},"4":{"name":"(anonymous_5)","decl":{"start":{"line":82,"column":13},"end":{"line":82,"column":14}},"loc":{"start":{"line":82,"column":20},"end":{"line":82,"column":24}}},"5":{"name":"(anonymous_6)","decl":{"start":{"line":107,"column":34},"end":{"line":107,"column":null}},"loc":{"start":{"line":107,"column":34},"end":{"line":119,"column":null}}},"6":{"name":"(anonymous_7)","decl":{"start":{"line":121,"column":22},"end":{"line":121,"column":null}},"loc":{"start":{"line":121,"column":22},"end":{"line":132,"column":null}}},"7":{"name":"(anonymous_8)","decl":{"start":{"line":204,"column":28},"end":{"line":204,"column":29}},"loc":{"start":{"line":204,"column":29},"end":{"line":208,"column":null}}},"8":{"name":"(anonymous_9)","decl":{"start":{"line":281,"column":31},"end":{"line":281,"column":32}},"loc":{"start":{"line":281,"column":42},"end":{"line":281,"column":null}}},"9":{"name":"(anonymous_10)","decl":{"start":{"line":293,"column":32},"end":{"line":293,"column":33}},"loc":{"start":{"line":294,"column":20},"end":{"line":294,"column":45}}}},"branchMap":{"0":{"loc":{"start":{"line":50,"column":4},"end":{"line":60,"column":null}},"type":"if","locations":[{"start":{"line":50,"column":4},"end":{"line":60,"column":null}}]},"1":{"loc":{"start":{"line":67,"column":22},"end":{"line":67,"column":null}},"type":"binary-expr","locations":[{"start":{"line":67,"column":22},"end":{"line":67,"column":34}},{"start":{"line":67,"column":38},"end":{"line":67,"column":51}},{"start":{"line":67,"column":51},"end":{"line":67,"column":null}}]},"2":{"loc":{"start":{"line":68,"column":22},"end":{"line":68,"column":null}},"type":"binary-expr","locations":[{"start":{"line":68,"column":22},"end":{"line":68,"column":34}},{"start":{"line":68,"column":38},"end":{"line":68,"column":51}},{"start":{"line":68,"column":51},"end":{"line":68,"column":null}}]},"3":{"loc":{"start":{"line":76,"column":4},"end":{"line":76,"column":null}},"type":"if","locations":[{"start":{"line":76,"column":4},"end":{"line":76,"column":null}}]},"4":{"loc":{"start":{"line":174,"column":29},"end":{"line":174,"column":null}},"type":"cond-expr","locations":[{"start":{"line":174,"column":43},"end":{"line":174,"column":103}},{"start":{"line":174,"column":103},"end":{"line":174,"column":null}}]},"5":{"loc":{"start":{"line":176,"column":32},"end":{"line":176,"column":null}},"type":"cond-expr","locations":[{"start":{"line":176,"column":46},"end":{"line":176,"column":55}},{"start":{"line":176,"column":55},"end":{"line":176,"column":null}}]},"6":{"loc":{"start":{"line":177,"column":36},"end":{"line":177,"column":null}},"type":"cond-expr","locations":[{"start":{"line":177,"column":50},"end":{"line":177,"column":65}},{"start":{"line":177,"column":65},"end":{"line":177,"column":null}}]},"7":{"loc":{"start":{"line":179,"column":17},"end":{"line":179,"column":null}},"type":"binary-expr","locations":[{"start":{"line":179,"column":17},"end":{"line":179,"column":null}}]},"8":{"loc":{"start":{"line":186,"column":15},"end":{"line":186,"column":26}},"type":"binary-expr","locations":[{"start":{"line":186,"column":15},"end":{"line":186,"column":26}}]},"9":{"loc":{"start":{"line":203,"column":29},"end":{"line":203,"column":null}},"type":"cond-expr","locations":[{"start":{"line":203,"column":43},"end":{"line":203,"column":103}},{"start":{"line":203,"column":103},"end":{"line":203,"column":null}}]},"10":{"loc":{"start":{"line":210,"column":32},"end":{"line":210,"column":null}},"type":"cond-expr","locations":[{"start":{"line":210,"column":46},"end":{"line":210,"column":55}},{"start":{"line":210,"column":55},"end":{"line":210,"column":null}}]},"11":{"loc":{"start":{"line":211,"column":36},"end":{"line":211,"column":null}},"type":"cond-expr","locations":[{"start":{"line":211,"column":50},"end":{"line":211,"column":65}},{"start":{"line":211,"column":65},"end":{"line":211,"column":null}}]},"12":{"loc":{"start":{"line":213,"column":17},"end":{"line":213,"column":null}},"type":"binary-expr","locations":[{"start":{"line":213,"column":17},"end":{"line":213,"column":null}}]},"13":{"loc":{"start":{"line":220,"column":15},"end":{"line":220,"column":26}},"type":"binary-expr","locations":[{"start":{"line":220,"column":15},"end":{"line":220,"column":26}}]},"14":{"loc":{"start":{"line":240,"column":27},"end":{"line":240,"column":null}},"type":"cond-expr","locations":[{"start":{"line":240,"column":48},"end":{"line":240,"column":102}},{"start":{"line":240,"column":102},"end":{"line":240,"column":null}}]},"15":{"loc":{"start":{"line":242,"column":30},"end":{"line":242,"column":null}},"type":"cond-expr","locations":[{"start":{"line":242,"column":51},"end":{"line":242,"column":60}},{"start":{"line":242,"column":60},"end":{"line":242,"column":null}}]},"16":{"loc":{"start":{"line":243,"column":34},"end":{"line":243,"column":null}},"type":"cond-expr","locations":[{"start":{"line":243,"column":55},"end":{"line":243,"column":77}},{"start":{"line":243,"column":77},"end":{"line":243,"column":null}}]},"17":{"loc":{"start":{"line":245,"column":15},"end":{"line":245,"column":33}},"type":"binary-expr","locations":[{"start":{"line":245,"column":15},"end":{"line":245,"column":33}}]},"18":{"loc":{"start":{"line":262,"column":27},"end":{"line":262,"column":null}},"type":"cond-expr","locations":[{"start":{"line":262,"column":42},"end":{"line":262,"column":96}},{"start":{"line":262,"column":96},"end":{"line":262,"column":null}}]},"19":{"loc":{"start":{"line":264,"column":30},"end":{"line":264,"column":null}},"type":"cond-expr","locations":[{"start":{"line":264,"column":45},"end":{"line":264,"column":54}},{"start":{"line":264,"column":54},"end":{"line":264,"column":null}}]},"20":{"loc":{"start":{"line":265,"column":34},"end":{"line":265,"column":null}},"type":"cond-expr","locations":[{"start":{"line":265,"column":49},"end":{"line":265,"column":65}},{"start":{"line":265,"column":65},"end":{"line":265,"column":null}}]},"21":{"loc":{"start":{"line":267,"column":15},"end":{"line":267,"column":27}},"type":"binary-expr","locations":[{"start":{"line":267,"column":15},"end":{"line":267,"column":27}}]},"22":{"loc":{"start":{"line":285,"column":29},"end":{"line":285,"column":null}},"type":"cond-expr","locations":[{"start":{"line":285,"column":45},"end":{"line":285,"column":99}},{"start":{"line":285,"column":99},"end":{"line":285,"column":null}}]},"23":{"loc":{"start":{"line":287,"column":32},"end":{"line":287,"column":null}},"type":"cond-expr","locations":[{"start":{"line":287,"column":48},"end":{"line":287,"column":57}},{"start":{"line":287,"column":57},"end":{"line":287,"column":null}}]},"24":{"loc":{"start":{"line":288,"column":36},"end":{"line":288,"column":null}},"type":"cond-expr","locations":[{"start":{"line":288,"column":52},"end":{"line":288,"column":69}},{"start":{"line":288,"column":69},"end":{"line":288,"column":null}}]},"25":{"loc":{"start":{"line":300,"column":15},"end":{"line":300,"column":28}},"type":"binary-expr","locations":[{"start":{"line":300,"column":15},"end":{"line":300,"column":28}}]},"26":{"loc":{"start":{"line":316,"column":27},"end":{"line":316,"column":null}},"type":"cond-expr","locations":[{"start":{"line":316,"column":48},"end":{"line":316,"column":102}},{"start":{"line":316,"column":102},"end":{"line":316,"column":null}}]},"27":{"loc":{"start":{"line":318,"column":30},"end":{"line":318,"column":null}},"type":"cond-expr","locations":[{"start":{"line":318,"column":51},"end":{"line":318,"column":60}},{"start":{"line":318,"column":60},"end":{"line":318,"column":null}}]},"28":{"loc":{"start":{"line":319,"column":34},"end":{"line":319,"column":null}},"type":"cond-expr","locations":[{"start":{"line":319,"column":55},"end":{"line":319,"column":77}},{"start":{"line":319,"column":77},"end":{"line":319,"column":null}}]},"29":{"loc":{"start":{"line":321,"column":15},"end":{"line":321,"column":33}},"type":"binary-expr","locations":[{"start":{"line":321,"column":15},"end":{"line":321,"column":33}}]},"30":{"loc":{"start":{"line":349,"column":17},"end":{"line":349,"column":null}},"type":"cond-expr","locations":[{"start":{"line":349,"column":32},"end":{"line":349,"column":48}},{"start":{"line":349,"column":48},"end":{"line":349,"column":null}}]}},"s":{"0":0,"1":0,"2":0,"3":0,"4":0,"5":0,"6":0,"7":0,"8":0,"9":0,"10":0,"11":0,"12":0,"13":0,"14":0,"15":0,"16":0,"17":0,"18":0,"19":0,"20":0,"21":0,"22":0,"23":0,"24":0,"25":0,"26":0,"27":0,"28":0,"29":0,"30":0,"31":0,"32":0,"33":0,"34":0,"35":0,"36":0,"37":0,"38":0,"39":0,"40":0,"41":0,"42":0,"43":0,"44":0,"45":0,"46":0,"47":0,"48":0,"49":0,"50":0,"51":0,"52":0,"53":0,"54":0,"55":0,"56":0},"f":{"0":0,"1":0,"2":0,"3":0,"4":0,"5":0,"6":0,"7":0,"8":0,"9":0},"b":{"0":[0],"1":[0,0,0],"2":[0,0,0],"3":[0],"4":[0,0],"5":[0,0],"6":[0,0],"7":[0],"8":[0],"9":[0,0],"10":[0,0],"11":[0,0],"12":[0],"13":[0],"14":[0,0],"15":[0,0],"16":[0,0],"17":[0],"18":[0,0],"19":[0,0],"20":[0,0],"21":[0],"22":[0,0],"23":[0,0],"24":[0,0],"25":[0],"26":[0,0],"27":[0,0],"28":[0,0],"29":[0],"30":[0,0]}}
,"C:\\workspace\\teammanagement\\components\\delete-confirm-modal.tsx": {"path":"C:\\workspace\\teammanagement\\components\\delete-confirm-modal.tsx","statementMap":{"0":{"start":{"line":22,"column":16},"end":{"line":22,"column":35}},"1":{"start":{"line":3,"column":30},"end":{"line":3,"column":null}},"2":{"start":{"line":13,"column":7},"end":{"line":13,"column":null}},"3":{"start":{"line":23,"column":23},"end":{"line":25,"column":null}},"4":{"start":{"line":24,"column":4},"end":{"line":24,"column":null}},"5":{"start":{"line":27,"column":24},"end":{"line":29,"column":null}},"6":{"start":{"line":28,"column":4},"end":{"line":28,"column":null}}},"fnMap":{"0":{"name":"DeleteConfirmModal","decl":{"start":{"line":22,"column":16},"end":{"line":22,"column":35}},"loc":{"start":{"line":22,"column":103},"end":{"line":61,"column":null}}},"1":{"name":"(anonymous_2)","decl":{"start":{"line":23,"column":23},"end":{"line":23,"column":null}},"loc":{"start":{"line":23,"column":23},"end":{"line":25,"column":null}}},"2":{"name":"(anonymous_3)","decl":{"start":{"line":27,"column":24},"end":{"line":27,"column":null}},"loc":{"start":{"line":27,"column":24},"end":{"line":29,"column":null}}}},"branchMap":{},"s":{"0":0,"1":0,"2":0,"3":0,"4":0,"5":0,"6":0},"f":{"0":0,"1":0,"2":0},"b":{}}
,"C:\\workspace\\teammanagement\\components\\edit-team-modal.tsx": {"path":"C:\\workspace\\teammanagement\\components\\edit-team-modal.tsx","statementMap":{"0":{"start":{"line":25,"column":16},"end":{"line":25,"column":30}},"1":{"start":{"line":3,"column":24},"end":{"line":3,"column":null}},"2":{"start":{"line":4,"column":28},"end":{"line":4,"column":null}},"3":{"start":{"line":5,"column":31},"end":{"line":5,"column":null}},"4":{"start":{"line":6,"column":61},"end":{"line":6,"column":null}},"5":{"start":{"line":7,"column":23},"end":{"line":7,"column":null}},"6":{"start":{"line":8,"column":22},"end":{"line":8,"column":null}},"7":{"start":{"line":9,"column":25},"end":{"line":9,"column":null}},"8":{"start":{"line":10,"column":22},"end":{"line":10,"column":null}},"9":{"start":{"line":11,"column":78},"end":{"line":11,"column":null}},"10":{"start":{"line":12,"column":30},"end":{"line":12,"column":null}},"11":{"start":{"line":13,"column":50},"end":{"line":13,"column":null}},"12":{"start":{"line":14,"column":29},"end":{"line":14,"column":null}},"13":{"start":{"line":15,"column":34},"end":{"line":15,"column":null}},"14":{"start":{"line":16,"column":36},"end":{"line":16,"column":null}},"15":{"start":{"line":26,"column":25},"end":{"line":26,"column":null}},"16":{"start":{"line":27,"column":40},"end":{"line":27,"column":null}},"17":{"start":{"line":28,"column":50},"end":{"line":28,"column":null}},"18":{"start":{"line":29,"column":40},"end":{"line":29,"column":null}},"19":{"start":{"line":38,"column":6},"end":{"line":49,"column":null}},"20":{"start":{"line":51,"column":2},"end":{"line":66,"column":null}},"21":{"start":{"line":52,"column":4},"end":{"line":65,"column":null}},"22":{"start":{"line":53,"column":6},"end":{"line":53,"column":null}},"23":{"start":{"line":54,"column":6},"end":{"line":61,"column":null}},"24":{"start":{"line":62,"column":6},"end":{"line":62,"column":null}},"25":{"start":{"line":63,"column":6},"end":{"line":63,"column":null}},"26":{"start":{"line":64,"column":6},"end":{"line":64,"column":null}},"27":{"start":{"line":68,"column":25},"end":{"line":68,"column":null}},"28":{"start":{"line":69,"column":20},"end":{"line":69,"column":null}},"29":{"start":{"line":70,"column":20},"end":{"line":70,"column":null}},"30":{"start":{"line":73,"column":22},"end":{"line":73,"column":null}},"31":{"start":{"line":74,"column":22},"end":{"line":74,"column":null}},"32":{"start":{"line":76,"column":23},"end":{"line":80,"column":null}},"33":{"start":{"line":77,"column":4},"end":{"line":77,"column":null}},"34":{"start":{"line":78,"column":4},"end":{"line":78,"column":null}},"35":{"start":{"line":79,"column":4},"end":{"line":79,"column":null}},"36":{"start":{"line":82,"column":24},"end":{"line":114,"column":null}},"37":{"start":{"line":83,"column":4},"end":{"line":83,"column":null}},"38":{"start":{"line":83,"column":22},"end":{"line":83,"column":null}},"39":{"start":{"line":85,"column":4},"end":{"line":85,"column":null}},"40":{"start":{"line":86,"column":4},"end":{"line":113,"column":null}},"41":{"start":{"line":88,"column":23},"end":{"line":93,"column":null}},"42":{"start":{"line":90,"column":20},"end":{"line":90,"column":24}},"43":{"start":{"line":95,"column":6},"end":{"line":105,"column":null}},"44":{"start":{"line":107,"column":6},"end":{"line":107,"column":null}},"45":{"start":{"line":108,"column":6},"end":{"line":108,"column":null}},"46":{"start":{"line":109,"column":6},"end":{"line":109,"column":null}},"47":{"start":{"line":111,"column":6},"end":{"line":111,"column":null}},"48":{"start":{"line":112,"column":6},"end":{"line":112,"column":null}},"49":{"start":{"line":116,"column":34},"end":{"line":124,"column":null}},"50":{"start":{"line":117,"column":4},"end":{"line":117,"column":null}},"51":{"start":{"line":118,"column":4},"end":{"line":118,"column":null}},"52":{"start":{"line":119,"column":4},"end":{"line":123,"column":null}},"53":{"start":{"line":120,"column":6},"end":{"line":120,"column":null}},"54":{"start":{"line":121,"column":6},"end":{"line":121,"column":null}},"55":{"start":{"line":122,"column":6},"end":{"line":122,"column":null}},"56":{"start":{"line":126,"column":32},"end":{"line":149,"column":null}},"57":{"start":{"line":127,"column":4},"end":{"line":133,"column":null}},"58":{"start":{"line":136,"column":4},"end":{"line":139,"column":null}},"59":{"start":{"line":137,"column":6},"end":{"line":137,"column":null}},"60":{"start":{"line":138,"column":6},"end":{"line":138,"column":null}},"61":{"start":{"line":141,"column":4},"end":{"line":147,"column":null}},"62":{"start":{"line":142,"column":6},"end":{"line":142,"column":null}},"63":{"start":{"line":143,"column":6},"end":{"line":143,"column":null}},"64":{"start":{"line":144,"column":6},"end":{"line":144,"column":null}},"65":{"start":{"line":145,"column":6},"end":{"line":145,"column":null}},"66":{"start":{"line":146,"column":6},"end":{"line":146,"column":null}},"67":{"start":{"line":148,"column":4},"end":{"line":148,"column":null}},"68":{"start":{"line":151,"column":22},"end":{"line":164,"column":null}},"69":{"start":{"line":152,"column":4},"end":{"line":152,"column":null}},"70":{"start":{"line":154,"column":4},"end":{"line":157,"column":null}},"71":{"start":{"line":155,"column":6},"end":{"line":155,"column":null}},"72":{"start":{"line":156,"column":6},"end":{"line":156,"column":null}},"73":{"start":{"line":159,"column":4},"end":{"line":159,"column":null}},"74":{"start":{"line":160,"column":4},"end":{"line":160,"column":null}},"75":{"start":{"line":161,"column":4},"end":{"line":161,"column":null}},"76":{"start":{"line":162,"column":4},"end":{"line":162,"column":null}},"77":{"start":{"line":163,"column":4},"end":{"line":163,"column":null}},"78":{"start":{"line":166,"column":19},"end":{"line":166,"column":null}},"79":{"start":{"line":238,"column":20},"end":{"line":238,"column":null}},"80":{"start":{"line":239,"column":20},"end":{"line":239,"column":null}},"81":{"start":{"line":313,"column":42},"end":{"line":313,"column":null}},"82":{"start":{"line":326,"column":20},"end":{"line":326,"column":45}}},"fnMap":{"0":{"name":"EditTeamModal","decl":{"start":{"line":25,"column":16},"end":{"line":25,"column":30}},"loc":{"start":{"line":25,"column":78},"end":{"line":404,"column":null}}},"1":{"name":"(anonymous_2)","decl":{"start":{"line":51,"column":12},"end":{"line":51,"column":null}},"loc":{"start":{"line":51,"column":12},"end":{"line":66,"column":5}}},"2":{"name":"(anonymous_3)","decl":{"start":{"line":76,"column":23},"end":{"line":76,"column":24}},"loc":{"start":{"line":76,"column":24},"end":{"line":80,"column":null}}},"3":{"name":"(anonymous_4)","decl":{"start":{"line":82,"column":24},"end":{"line":82,"column":null}},"loc":{"start":{"line":82,"column":24},"end":{"line":114,"column":null}}},"4":{"name":"(anonymous_5)","decl":{"start":{"line":90,"column":13},"end":{"line":90,"column":14}},"loc":{"start":{"line":90,"column":20},"end":{"line":90,"column":24}}},"5":{"name":"(anonymous_6)","decl":{"start":{"line":116,"column":34},"end":{"line":116,"column":35}},"loc":{"start":{"line":116,"column":35},"end":{"line":124,"column":null}}},"6":{"name":"(anonymous_7)","decl":{"start":{"line":126,"column":32},"end":{"line":126,"column":33}},"loc":{"start":{"line":126,"column":33},"end":{"line":149,"column":null}}},"7":{"name":"(anonymous_8)","decl":{"start":{"line":151,"column":22},"end":{"line":151,"column":null}},"loc":{"start":{"line":151,"column":22},"end":{"line":164,"column":null}}},"8":{"name":"(anonymous_9)","decl":{"start":{"line":236,"column":28},"end":{"line":236,"column":29}},"loc":{"start":{"line":236,"column":29},"end":{"line":240,"column":null}}},"9":{"name":"(anonymous_10)","decl":{"start":{"line":313,"column":31},"end":{"line":313,"column":32}},"loc":{"start":{"line":313,"column":42},"end":{"line":313,"column":null}}},"10":{"name":"(anonymous_11)","decl":{"start":{"line":325,"column":32},"end":{"line":325,"column":33}},"loc":{"start":{"line":326,"column":20},"end":{"line":326,"column":45}}}},"branchMap":{"0":{"loc":{"start":{"line":52,"column":4},"end":{"line":65,"column":null}},"type":"if","locations":[{"start":{"line":52,"column":4},"end":{"line":65,"column":null}}]},"1":{"loc":{"start":{"line":73,"column":22},"end":{"line":73,"column":null}},"type":"binary-expr","locations":[{"start":{"line":73,"column":22},"end":{"line":73,"column":34}},{"start":{"line":73,"column":38},"end":{"line":73,"column":51}},{"start":{"line":73,"column":51},"end":{"line":73,"column":null}}]},"2":{"loc":{"start":{"line":74,"column":22},"end":{"line":74,"column":null}},"type":"binary-expr","locations":[{"start":{"line":74,"column":22},"end":{"line":74,"column":34}},{"start":{"line":74,"column":38},"end":{"line":74,"column":51}},{"start":{"line":74,"column":51},"end":{"line":74,"column":null}}]},"3":{"loc":{"start":{"line":83,"column":4},"end":{"line":83,"column":null}},"type":"if","locations":[{"start":{"line":83,"column":4},"end":{"line":83,"column":null}}]},"4":{"loc":{"start":{"line":119,"column":4},"end":{"line":123,"column":null}},"type":"if","locations":[{"start":{"line":119,"column":4},"end":{"line":123,"column":null}}]},"5":{"loc":{"start":{"line":136,"column":4},"end":{"line":139,"column":null}},"type":"if","locations":[{"start":{"line":136,"column":4},"end":{"line":139,"column":null}}]},"6":{"loc":{"start":{"line":136,"column":8},"end":{"line":136,"column":52}},"type":"binary-expr","locations":[{"start":{"line":136,"column":8},"end":{"line":136,"column":18}},{"start":{"line":136,"column":18},"end":{"line":136,"column":33}},{"start":{"line":136,"column":33},"end":{"line":136,"column":48}}]},"7":{"loc":{"start":{"line":141,"column":4},"end":{"line":147,"column":null}},"type":"if","locations":[{"start":{"line":141,"column":4},"end":{"line":147,"column":null}}]},"8":{"loc":{"start":{"line":154,"column":4},"end":{"line":157,"column":null}},"type":"if","locations":[{"start":{"line":154,"column":4},"end":{"line":157,"column":null}}]},"9":{"loc":{"start":{"line":154,"column":8},"end":{"line":154,"column":41}},"type":"binary-expr","locations":[{"start":{"line":154,"column":8},"end":{"line":154,"column":23}},{"start":{"line":154,"column":23},"end":{"line":154,"column":41}}]},"10":{"loc":{"start":{"line":206,"column":29},"end":{"line":206,"column":null}},"type":"cond-expr","locations":[{"start":{"line":206,"column":43},"end":{"line":206,"column":103}},{"start":{"line":206,"column":103},"end":{"line":206,"column":null}}]},"11":{"loc":{"start":{"line":208,"column":32},"end":{"line":208,"column":null}},"type":"cond-expr","locations":[{"start":{"line":208,"column":46},"end":{"line":208,"column":55}},{"start":{"line":208,"column":55},"end":{"line":208,"column":null}}]},"12":{"loc":{"start":{"line":209,"column":36},"end":{"line":209,"column":null}},"type":"cond-expr","locations":[{"start":{"line":209,"column":50},"end":{"line":209,"column":65}},{"start":{"line":209,"column":65},"end":{"line":209,"column":null}}]},"13":{"loc":{"start":{"line":211,"column":17},"end":{"line":211,"column":null}},"type":"binary-expr","locations":[{"start":{"line":211,"column":17},"end":{"line":211,"column":null}}]},"14":{"loc":{"start":{"line":218,"column":15},"end":{"line":218,"column":26}},"type":"binary-expr","locations":[{"start":{"line":218,"column":15},"end":{"line":218,"column":26}}]},"15":{"loc":{"start":{"line":235,"column":29},"end":{"line":235,"column":null}},"type":"cond-expr","locations":[{"start":{"line":235,"column":43},"end":{"line":235,"column":103}},{"start":{"line":235,"column":103},"end":{"line":235,"column":null}}]},"16":{"loc":{"start":{"line":242,"column":32},"end":{"line":242,"column":null}},"type":"cond-expr","locations":[{"start":{"line":242,"column":46},"end":{"line":242,"column":55}},{"start":{"line":242,"column":55},"end":{"line":242,"column":null}}]},"17":{"loc":{"start":{"line":243,"column":36},"end":{"line":243,"column":null}},"type":"cond-expr","locations":[{"start":{"line":243,"column":50},"end":{"line":243,"column":65}},{"start":{"line":243,"column":65},"end":{"line":243,"column":null}}]},"18":{"loc":{"start":{"line":245,"column":17},"end":{"line":245,"column":null}},"type":"binary-expr","locations":[{"start":{"line":245,"column":17},"end":{"line":245,"column":null}}]},"19":{"loc":{"start":{"line":252,"column":15},"end":{"line":252,"column":26}},"type":"binary-expr","locations":[{"start":{"line":252,"column":15},"end":{"line":252,"column":26}}]},"20":{"loc":{"start":{"line":272,"column":27},"end":{"line":272,"column":null}},"type":"cond-expr","locations":[{"start":{"line":272,"column":48},"end":{"line":272,"column":102}},{"start":{"line":272,"column":102},"end":{"line":272,"column":null}}]},"21":{"loc":{"start":{"line":274,"column":30},"end":{"line":274,"column":null}},"type":"cond-expr","locations":[{"start":{"line":274,"column":51},"end":{"line":274,"column":60}},{"start":{"line":274,"column":60},"end":{"line":274,"column":null}}]},"22":{"loc":{"start":{"line":275,"column":34},"end":{"line":275,"column":null}},"type":"cond-expr","locations":[{"start":{"line":275,"column":55},"end":{"line":275,"column":77}},{"start":{"line":275,"column":77},"end":{"line":275,"column":null}}]},"23":{"loc":{"start":{"line":277,"column":15},"end":{"line":277,"column":33}},"type":"binary-expr","locations":[{"start":{"line":277,"column":15},"end":{"line":277,"column":33}}]},"24":{"loc":{"start":{"line":294,"column":27},"end":{"line":294,"column":null}},"type":"cond-expr","locations":[{"start":{"line":294,"column":42},"end":{"line":294,"column":96}},{"start":{"line":294,"column":96},"end":{"line":294,"column":null}}]},"25":{"loc":{"start":{"line":296,"column":30},"end":{"line":296,"column":null}},"type":"cond-expr","locations":[{"start":{"line":296,"column":45},"end":{"line":296,"column":54}},{"start":{"line":296,"column":54},"end":{"line":296,"column":null}}]},"26":{"loc":{"start":{"line":297,"column":34},"end":{"line":297,"column":null}},"type":"cond-expr","locations":[{"start":{"line":297,"column":49},"end":{"line":297,"column":65}},{"start":{"line":297,"column":65},"end":{"line":297,"column":null}}]},"27":{"loc":{"start":{"line":299,"column":15},"end":{"line":299,"column":27}},"type":"binary-expr","locations":[{"start":{"line":299,"column":15},"end":{"line":299,"column":27}}]},"28":{"loc":{"start":{"line":317,"column":29},"end":{"line":317,"column":null}},"type":"cond-expr","locations":[{"start":{"line":317,"column":45},"end":{"line":317,"column":99}},{"start":{"line":317,"column":99},"end":{"line":317,"column":null}}]},"29":{"loc":{"start":{"line":319,"column":32},"end":{"line":319,"column":null}},"type":"cond-expr","locations":[{"start":{"line":319,"column":48},"end":{"line":319,"column":57}},{"start":{"line":319,"column":57},"end":{"line":319,"column":null}}]},"30":{"loc":{"start":{"line":320,"column":36},"end":{"line":320,"column":null}},"type":"cond-expr","locations":[{"start":{"line":320,"column":52},"end":{"line":320,"column":69}},{"start":{"line":320,"column":69},"end":{"line":320,"column":null}}]},"31":{"loc":{"start":{"line":332,"column":15},"end":{"line":332,"column":28}},"type":"binary-expr","locations":[{"start":{"line":332,"column":15},"end":{"line":332,"column":28}}]},"32":{"loc":{"start":{"line":348,"column":27},"end":{"line":348,"column":null}},"type":"cond-expr","locations":[{"start":{"line":348,"column":48},"end":{"line":348,"column":102}},{"start":{"line":348,"column":102},"end":{"line":348,"column":null}}]},"33":{"loc":{"start":{"line":350,"column":30},"end":{"line":350,"column":null}},"type":"cond-expr","locations":[{"start":{"line":350,"column":51},"end":{"line":350,"column":60}},{"start":{"line":350,"column":60},"end":{"line":350,"column":null}}]},"34":{"loc":{"start":{"line":351,"column":34},"end":{"line":351,"column":null}},"type":"cond-expr","locations":[{"start":{"line":351,"column":55},"end":{"line":351,"column":77}},{"start":{"line":351,"column":77},"end":{"line":351,"column":null}}]},"35":{"loc":{"start":{"line":353,"column":15},"end":{"line":353,"column":33}},"type":"binary-expr","locations":[{"start":{"line":353,"column":15},"end":{"line":353,"column":33}}]},"36":{"loc":{"start":{"line":381,"column":17},"end":{"line":381,"column":null}},"type":"cond-expr","locations":[{"start":{"line":381,"column":32},"end":{"line":381,"column":48}},{"start":{"line":381,"column":48},"end":{"line":381,"column":null}}]}},"s":{"0":0,"1":0,"2":0,"3":0,"4":0,"5":0,"6":0,"7":0,"8":0,"9":0,"10":0,"11":0,"12":0,"13":0,"14":0,"15":0,"16":0,"17":0,"18":0,"19":0,"20":0,"21":0,"22":0,"23":0,"24":0,"25":0,"26":0,"27":0,"28":0,"29":0,"30":0,"31":0,"32":0,"33":0,"34":0,"35":0,"36":0,"37":0,"38":0,"39":0,"40":0,"41":0,"42":0,"43":0,"44":0,"45":0,"46":0,"47":0,"48":0,"49":0,"50":0,"51":0,"52":0,"53":0,"54":0,"55":0,"56":0,"57":0,"58":0,"59":0,"60":0,"61":0,"62":0,"63":0,"64":0,"65":0,"66":0,"67":0,"68":0,"69":0,"70":0,"71":0,"72":0,"73":0,"74":0,"75":0,"76":0,"77":0,"78":0,"79":0,"80":0,"81":0,"82":0},"f":{"0":0,"1":0,"2":0,"3":0,"4":0,"5":0,"6":0,"7":0,"8":0,"9":0,"10":0},"b":{"0":[0],"1":[0,0,0],"2":[0,0,0],"3":[0],"4":[0],"5":[0],"6":[0,0,0],"7":[0],"8":[0],"9":[0,0],"10":[0,0],"11":[0,0],"12":[0,0],"13":[0],"14":[0],"15":[0,0],"16":[0,0],"17":[0,0],"18":[0],"19":[0],"20":[0,0],"21":[0,0],"22":[0,0],"23":[0],"24":[0,0],"25":[0,0],"26":[0,0],"27":[0],"28":[0,0],"29":[0,0],"30":[0,0],"31":[0],"32":[0,0],"33":[0,0],"34":[0,0],"35":[0],"36":[0,0]}}
,"C:\\workspace\\teammanagement\\components\\header.tsx": {"path":"C:\\workspace\\teammanagement\\components\\header.tsx","statementMap":{"0":{"start":{"line":6,"column":16},"end":{"line":6,"column":null}},"1":{"start":{"line":1,"column":44},"end":{"line":1,"column":null}},"2":{"start":{"line":2,"column":22},"end":{"line":2,"column":null}},"3":{"start":{"line":3,"column":23},"end":{"line":3,"column":null}},"4":{"start":{"line":4,"column":52},"end":{"line":4,"column":null}}},"fnMap":{"0":{"name":"Header","decl":{"start":{"line":6,"column":16},"end":{"line":6,"column":null}},"loc":{"start":{"line":6,"column":16},"end":{"line":67,"column":null}}}},"branchMap":{},"s":{"0":0,"1":0,"2":0,"3":0,"4":0},"f":{"0":0},"b":{}}
,"C:\\workspace\\teammanagement\\components\\notification-modal.tsx": {"path":"C:\\workspace\\teammanagement\\components\\notification-modal.tsx","statementMap":{"0":{"start":{"line":21,"column":16},"end":{"line":21,"column":34}},"1":{"start":{"line":3,"column":29},"end":{"line":3,"column":null}},"2":{"start":{"line":12,"column":7},"end":{"line":12,"column":null}},"3":{"start":{"line":36,"column":27},"end":{"line":36,"column":null}}},"fnMap":{"0":{"name":"NotificationModal","decl":{"start":{"line":21,"column":16},"end":{"line":21,"column":34}},"loc":{"start":{"line":21,"column":100},"end":{"line":45,"column":null}}},"1":{"name":"(anonymous_2)","decl":{"start":{"line":36,"column":21},"end":{"line":36,"column":27}},"loc":{"start":{"line":36,"column":27},"end":{"line":36,"column":null}}}},"branchMap":{},"s":{"0":0,"1":0,"2":0,"3":0},"f":{"0":0,"1":0},"b":{}}
,"C:\\workspace\\teammanagement\\components\\sub-header.tsx": {"path":"C:\\workspace\\teammanagement\\components\\sub-header.tsx","statementMap":{"0":{"start":{"line":4,"column":16},"end":{"line":4,"column":null}},"1":{"start":{"line":1,"column":42},"end":{"line":1,"column":null}},"2":{"start":{"line":2,"column":23},"end":{"line":2,"column":null}}},"fnMap":{"0":{"name":"SubHeader","decl":{"start":{"line":4,"column":16},"end":{"line":4,"column":null}},"loc":{"start":{"line":4,"column":16},"end":{"line":26,"column":null}}}},"branchMap":{},"s":{"0":0,"1":0,"2":0},"f":{"0":0},"b":{}}
,"C:\\workspace\\teammanagement\\components\\teams-table.tsx": {"path":"C:\\workspace\\teammanagement\\components\\teams-table.tsx","statementMap":{"0":{"start":{"line":28,"column":16},"end":{"line":28,"column":null}},"1":{"start":{"line":3,"column":36},"end":{"line":3,"column":null}},"2":{"start":{"line":14,"column":7},"end":{"line":14,"column":null}},"3":{"start":{"line":15,"column":22},"end":{"line":15,"column":null}},"4":{"start":{"line":16,"column":23},"end":{"line":16,"column":null}},"5":{"start":{"line":17,"column":25},"end":{"line":17,"column":null}},"6":{"start":{"line":18,"column":39},"end":{"line":18,"column":null}},"7":{"start":{"line":19,"column":78},"end":{"line":19,"column":null}},"8":{"start":{"line":20,"column":89},"end":{"line":20,"column":null}},"9":{"start":{"line":21,"column":30},"end":{"line":21,"column":null}},"10":{"start":{"line":23,"column":32},"end":{"line":23,"column":null}},"11":{"start":{"line":24,"column":30},"end":{"line":24,"column":null}},"12":{"start":{"line":25,"column":35},"end":{"line":25,"column":null}},"13":{"start":{"line":26,"column":34},"end":{"line":26,"column":null}},"14":{"start":{"line":29,"column":44},"end":{"line":29,"column":null}},"15":{"start":{"line":30,"column":40},"end":{"line":30,"column":null}},"16":{"start":{"line":31,"column":34},"end":{"line":31,"column":null}},"17":{"start":{"line":32,"column":40},"end":{"line":32,"column":null}},"18":{"start":{"line":33,"column":52},"end":{"line":33,"column":null}},"19":{"start":{"line":34,"column":48},"end":{"line":34,"column":null}},"20":{"start":{"line":35,"column":40},"end":{"line":35,"column":null}},"21":{"start":{"line":36,"column":56},"end":{"line":36,"column":null}},"22":{"start":{"line":37,"column":42},"end":{"line":37,"column":null}},"23":{"start":{"line":38,"column":66},"end":{"line":38,"column":null}},"24":{"start":{"line":39,"column":46},"end":{"line":39,"column":null}},"25":{"start":{"line":53,"column":6},"end":{"line":53,"column":null}},"26":{"start":{"line":55,"column":2},"end":{"line":57,"column":null}},"27":{"start":{"line":56,"column":4},"end":{"line":56,"column":null}},"28":{"start":{"line":59,"column":2},"end":{"line":65,"column":null}},"29":{"start":{"line":60,"column":18},"end":{"line":63,"column":null}},"30":{"start":{"line":61,"column":6},"end":{"line":61,"column":null}},"31":{"start":{"line":62,"column":6},"end":{"line":62,"column":null}},"32":{"start":{"line":64,"column":4},"end":{"line":64,"column":null}},"33":{"start":{"line":64,"column":17},"end":{"line":64,"column":null}},"34":{"start":{"line":67,"column":21},"end":{"line":67,"column":null}},"35":{"start":{"line":68,"column":21},"end":{"line":68,"column":null}},"36":{"start":{"line":69,"column":19},"end":{"line":69,"column":null}},"37":{"start":{"line":70,"column":23},"end":{"line":70,"column":null}},"38":{"start":{"line":72,"column":21},"end":{"line":74,"column":null}},"39":{"start":{"line":73,"column":4},"end":{"line":73,"column":null}},"40":{"start":{"line":73,"column":32},"end":{"line":73,"column":null}},"41":{"start":{"line":73,"column":76},"end":{"line":73,"column":93}},"42":{"start":{"line":76,"column":20},"end":{"line":80,"column":null}},"43":{"start":{"line":77,"column":4},"end":{"line":78,"column":null}},"44":{"start":{"line":78,"column":6},"end":{"line":78,"column":null}},"45":{"start":{"line":78,"column":103},"end":{"line":78,"column":110}},"46":{"start":{"line":82,"column":21},"end":{"line":84,"column":null}},"47":{"start":{"line":83,"column":4},"end":{"line":83,"column":null}},"48":{"start":{"line":86,"column":27},"end":{"line":89,"column":null}},"49":{"start":{"line":88,"column":4},"end":{"line":88,"column":null}},"50":{"start":{"line":91,"column":21},"end":{"line":96,"column":null}},"51":{"start":{"line":92,"column":4},"end":{"line":92,"column":null}},"52":{"start":{"line":93,"column":4},"end":{"line":93,"column":null}},"53":{"start":{"line":94,"column":4},"end":{"line":94,"column":null}},"54":{"start":{"line":95,"column":4},"end":{"line":95,"column":null}},"55":{"start":{"line":98,"column":28},"end":{"line":103,"column":null}},"56":{"start":{"line":99,"column":4},"end":{"line":99,"column":null}},"57":{"start":{"line":100,"column":4},"end":{"line":100,"column":null}},"58":{"start":{"line":101,"column":4},"end":{"line":101,"column":null}},"59":{"start":{"line":102,"column":4},"end":{"line":102,"column":null}},"60":{"start":{"line":105,"column":30},"end":{"line":114,"column":null}},"61":{"start":{"line":106,"column":4},"end":{"line":113,"column":null}},"62":{"start":{"line":107,"column":6},"end":{"line":107,"column":null}},"63":{"start":{"line":108,"column":6},"end":{"line":108,"column":null}},"64":{"start":{"line":109,"column":6},"end":{"line":109,"column":null}},"65":{"start":{"line":110,"column":6},"end":{"line":110,"column":null}},"66":{"start":{"line":111,"column":6},"end":{"line":111,"column":null}},"67":{"start":{"line":112,"column":6},"end":{"line":112,"column":null}},"68":{"start":{"line":116,"column":40},"end":{"line":123,"column":null}},"69":{"start":{"line":117,"column":4},"end":{"line":117,"column":null}},"70":{"start":{"line":118,"column":4},"end":{"line":118,"column":null}},"71":{"start":{"line":119,"column":4},"end":{"line":122,"column":null}},"72":{"start":{"line":120,"column":6},"end":{"line":120,"column":null}},"73":{"start":{"line":121,"column":6},"end":{"line":121,"column":null}},"74":{"start":{"line":125,"column":31},"end":{"line":132,"column":null}},"75":{"start":{"line":126,"column":4},"end":{"line":126,"column":null}},"76":{"start":{"line":127,"column":4},"end":{"line":127,"column":null}},"77":{"start":{"line":128,"column":4},"end":{"line":131,"column":null}},"78":{"start":{"line":129,"column":6},"end":{"line":129,"column":null}},"79":{"start":{"line":130,"column":6},"end":{"line":130,"column":null}},"80":{"start":{"line":134,"column":19},"end":{"line":140,"column":null}},"81":{"start":{"line":159,"column":29},"end":{"line":159,"column":null}},"82":{"start":{"line":173,"column":16},"end":{"line":173,"column":41}},"83":{"start":{"line":186,"column":25},"end":{"line":186,"column":null}},"84":{"start":{"line":228,"column":33},"end":{"line":228,"column":null}},"85":{"start":{"line":237,"column":33},"end":{"line":237,"column":null}},"86":{"start":{"line":248,"column":33},"end":{"line":248,"column":null}},"87":{"start":{"line":257,"column":33},"end":{"line":257,"column":null}},"88":{"start":{"line":277,"column":18},"end":{"line":278,"column":null}},"89":{"start":{"line":286,"column":47},"end":{"line":286,"column":null}},"90":{"start":{"line":320,"column":26},"end":{"line":320,"column":null}},"91":{"start":{"line":321,"column":26},"end":{"line":321,"column":null}},"92":{"start":{"line":336,"column":43},"end":{"line":336,"column":null}},"93":{"start":{"line":344,"column":43},"end":{"line":344,"column":null}},"94":{"start":{"line":374,"column":16},"end":{"line":374,"column":null}},"95":{"start":{"line":375,"column":16},"end":{"line":375,"column":null}},"96":{"start":{"line":393,"column":29},"end":{"line":393,"column":null}},"97":{"start":{"line":393,"column":51},"end":{"line":393,"column":null}},"98":{"start":{"line":400,"column":30},"end":{"line":400,"column":null}},"99":{"start":{"line":401,"column":14},"end":{"line":403,"column":null}},"100":{"start":{"line":406,"column":33},"end":{"line":406,"column":null}},"101":{"start":{"line":423,"column":29},"end":{"line":423,"column":null}},"102":{"start":{"line":423,"column":51},"end":{"line":423,"column":null}},"103":{"start":{"line":443,"column":29},"end":{"line":443,"column":null}},"104":{"start":{"line":444,"column":16},"end":{"line":446,"column":null}},"105":{"start":{"line":445,"column":18},"end":{"line":445,"column":null}}},"fnMap":{"0":{"name":"TeamsTable","decl":{"start":{"line":28,"column":16},"end":{"line":28,"column":null}},"loc":{"start":{"line":28,"column":16},"end":{"line":479,"column":null}}},"1":{"name":"(anonymous_2)","decl":{"start":{"line":55,"column":12},"end":{"line":55,"column":null}},"loc":{"start":{"line":55,"column":12},"end":{"line":57,"column":5}}},"2":{"name":"(anonymous_3)","decl":{"start":{"line":59,"column":12},"end":{"line":59,"column":null}},"loc":{"start":{"line":59,"column":12},"end":{"line":65,"column":5}}},"3":{"name":"(anonymous_4)","decl":{"start":{"line":60,"column":29},"end":{"line":60,"column":null}},"loc":{"start":{"line":60,"column":29},"end":{"line":63,"column":7}}},"4":{"name":"(anonymous_5)","decl":{"start":{"line":64,"column":11},"end":{"line":64,"column":17}},"loc":{"start":{"line":64,"column":17},"end":{"line":64,"column":null}}},"5":{"name":"(anonymous_6)","decl":{"start":{"line":72,"column":21},"end":{"line":72,"column":22}},"loc":{"start":{"line":72,"column":22},"end":{"line":74,"column":null}}},"6":{"name":"(anonymous_7)","decl":{"start":{"line":73,"column":21},"end":{"line":73,"column":22}},"loc":{"start":{"line":73,"column":32},"end":{"line":73,"column":null}}},"7":{"name":"(anonymous_8)","decl":{"start":{"line":73,"column":64},"end":{"line":73,"column":65}},"loc":{"start":{"line":73,"column":76},"end":{"line":73,"column":93}}},"8":{"name":"(anonymous_9)","decl":{"start":{"line":76,"column":20},"end":{"line":76,"column":null}},"loc":{"start":{"line":76,"column":20},"end":{"line":80,"column":null}}},"9":{"name":"(anonymous_10)","decl":{"start":{"line":77,"column":21},"end":{"line":77,"column":22}},"loc":{"start":{"line":78,"column":6},"end":{"line":78,"column":null}}},"10":{"name":"(anonymous_11)","decl":{"start":{"line":78,"column":93},"end":{"line":78,"column":94}},"loc":{"start":{"line":78,"column":103},"end":{"line":78,"column":110}}},"11":{"name":"(anonymous_12)","decl":{"start":{"line":82,"column":21},"end":{"line":82,"column":22}},"loc":{"start":{"line":82,"column":22},"end":{"line":84,"column":null}}},"12":{"name":"(anonymous_13)","decl":{"start":{"line":86,"column":27},"end":{"line":86,"column":28}},"loc":{"start":{"line":86,"column":28},"end":{"line":89,"column":null}}},"13":{"name":"(anonymous_14)","decl":{"start":{"line":91,"column":21},"end":{"line":91,"column":22}},"loc":{"start":{"line":91,"column":22},"end":{"line":96,"column":null}}},"14":{"name":"(anonymous_15)","decl":{"start":{"line":98,"column":28},"end":{"line":98,"column":29}},"loc":{"start":{"line":98,"column":29},"end":{"line":103,"column":null}}},"15":{"name":"(anonymous_16)","decl":{"start":{"line":105,"column":30},"end":{"line":105,"column":null}},"loc":{"start":{"line":105,"column":30},"end":{"line":114,"column":null}}},"16":{"name":"(anonymous_17)","decl":{"start":{"line":116,"column":40},"end":{"line":116,"column":41}},"loc":{"start":{"line":116,"column":41},"end":{"line":123,"column":null}}},"17":{"name":"(anonymous_18)","decl":{"start":{"line":125,"column":31},"end":{"line":125,"column":32}},"loc":{"start":{"line":125,"column":32},"end":{"line":132,"column":null}}},"18":{"name":"(anonymous_19)","decl":{"start":{"line":159,"column":22},"end":{"line":159,"column":23}},"loc":{"start":{"line":159,"column":29},"end":{"line":159,"column":null}}},"19":{"name":"(anonymous_20)","decl":{"start":{"line":172,"column":28},"end":{"line":172,"column":29}},"loc":{"start":{"line":173,"column":16},"end":{"line":173,"column":41}}},"20":{"name":"(anonymous_21)","decl":{"start":{"line":186,"column":19},"end":{"line":186,"column":25}},"loc":{"start":{"line":186,"column":25},"end":{"line":186,"column":null}}},"21":{"name":"(anonymous_22)","decl":{"start":{"line":228,"column":27},"end":{"line":228,"column":33}},"loc":{"start":{"line":228,"column":33},"end":{"line":228,"column":null}}},"22":{"name":"(anonymous_23)","decl":{"start":{"line":237,"column":27},"end":{"line":237,"column":33}},"loc":{"start":{"line":237,"column":33},"end":{"line":237,"column":null}}},"23":{"name":"(anonymous_24)","decl":{"start":{"line":248,"column":27},"end":{"line":248,"column":33}},"loc":{"start":{"line":248,"column":33},"end":{"line":248,"column":null}}},"24":{"name":"(anonymous_25)","decl":{"start":{"line":257,"column":27},"end":{"line":257,"column":33}},"loc":{"start":{"line":257,"column":33},"end":{"line":257,"column":null}}},"25":{"name":"(anonymous_26)","decl":{"start":{"line":276,"column":33},"end":{"line":276,"column":34}},"loc":{"start":{"line":277,"column":18},"end":{"line":278,"column":null}}},"26":{"name":"(anonymous_27)","decl":{"start":{"line":286,"column":41},"end":{"line":286,"column":47}},"loc":{"start":{"line":286,"column":47},"end":{"line":286,"column":null}}},"27":{"name":"(anonymous_28)","decl":{"start":{"line":319,"column":38},"end":{"line":319,"column":39}},"loc":{"start":{"line":319,"column":39},"end":{"line":322,"column":null}}},"28":{"name":"(anonymous_29)","decl":{"start":{"line":336,"column":37},"end":{"line":336,"column":43}},"loc":{"start":{"line":336,"column":43},"end":{"line":336,"column":null}}},"29":{"name":"(anonymous_30)","decl":{"start":{"line":344,"column":37},"end":{"line":344,"column":43}},"loc":{"start":{"line":344,"column":43},"end":{"line":344,"column":null}}},"30":{"name":"(anonymous_31)","decl":{"start":{"line":373,"column":29},"end":{"line":373,"column":30}},"loc":{"start":{"line":373,"column":30},"end":{"line":376,"column":null}}},"31":{"name":"(anonymous_32)","decl":{"start":{"line":393,"column":23},"end":{"line":393,"column":29}},"loc":{"start":{"line":393,"column":29},"end":{"line":393,"column":null}}},"32":{"name":"(anonymous_33)","decl":{"start":{"line":393,"column":44},"end":{"line":393,"column":45}},"loc":{"start":{"line":393,"column":51},"end":{"line":393,"column":null}}},"33":{"name":"(anonymous_34)","decl":{"start":{"line":399,"column":53},"end":{"line":399,"column":54}},"loc":{"start":{"line":399,"column":57},"end":{"line":418,"column":null}}},"34":{"name":"(anonymous_35)","decl":{"start":{"line":406,"column":27},"end":{"line":406,"column":33}},"loc":{"start":{"line":406,"column":33},"end":{"line":406,"column":null}}},"35":{"name":"(anonymous_36)","decl":{"start":{"line":423,"column":23},"end":{"line":423,"column":29}},"loc":{"start":{"line":423,"column":29},"end":{"line":423,"column":null}}},"36":{"name":"(anonymous_37)","decl":{"start":{"line":423,"column":44},"end":{"line":423,"column":45}},"loc":{"start":{"line":423,"column":51},"end":{"line":423,"column":null}}},"37":{"name":"(anonymous_38)","decl":{"start":{"line":442,"column":24},"end":{"line":442,"column":25}},"loc":{"start":{"line":442,"column":25},"end":{"line":447,"column":null}}}},"branchMap":{"0":{"loc":{"start":{"line":73,"column":32},"end":{"line":73,"column":null}},"type":"cond-expr","locations":[{"start":{"line":73,"column":52},"end":{"line":73,"column":93}},{"start":{"line":73,"column":93},"end":{"line":73,"column":null}}]},"1":{"loc":{"start":{"line":78,"column":6},"end":{"line":78,"column":null}},"type":"cond-expr","locations":[{"start":{"line":78,"column":71},"end":{"line":78,"column":73}},{"start":{"line":78,"column":76},"end":{"line":78,"column":null}}]},"2":{"loc":{"start":{"line":78,"column":6},"end":{"line":78,"column":71}},"type":"binary-expr","locations":[{"start":{"line":78,"column":6},"end":{"line":78,"column":41}},{"start":{"line":78,"column":45},"end":{"line":78,"column":71}}]},"3":{"loc":{"start":{"line":88,"column":11},"end":{"line":88,"column":null}},"type":"cond-expr","locations":[{"start":{"line":88,"column":33},"end":{"line":88,"column":39}},{"start":{"line":88,"column":39},"end":{"line":88,"column":null}}]},"4":{"loc":{"start":{"line":106,"column":4},"end":{"line":113,"column":null}},"type":"if","locations":[{"start":{"line":106,"column":4},"end":{"line":113,"column":null}}]},"5":{"loc":{"start":{"line":119,"column":4},"end":{"line":122,"column":null}},"type":"if","locations":[{"start":{"line":119,"column":4},"end":{"line":122,"column":null}}]},"6":{"loc":{"start":{"line":128,"column":4},"end":{"line":131,"column":null}},"type":"if","locations":[{"start":{"line":128,"column":4},"end":{"line":131,"column":null}}]},"7":{"loc":{"start":{"line":195,"column":7},"end":{"line":195,"column":null}},"type":"binary-expr","locations":[{"start":{"line":195,"column":7},"end":{"line":195,"column":null}}]},"8":{"loc":{"start":{"line":202,"column":7},"end":{"line":202,"column":null}},"type":"binary-expr","locations":[{"start":{"line":202,"column":7},"end":{"line":202,"column":null}}]},"9":{"loc":{"start":{"line":217,"column":29},"end":{"line":217,"column":null}},"type":"binary-expr","locations":[{"start":{"line":217,"column":29},"end":{"line":217,"column":73}},{"start":{"line":217,"column":77},"end":{"line":217,"column":null}}]},"10":{"loc":{"start":{"line":221,"column":22},"end":{"line":223,"column":null}},"type":"cond-expr","locations":[{"start":{"line":222,"column":26},"end":{"line":222,"column":null}},{"start":{"line":223,"column":26},"end":{"line":223,"column":null}}]},"11":{"loc":{"start":{"line":221,"column":22},"end":{"line":221,"column":null}},"type":"binary-expr","locations":[{"start":{"line":221,"column":22},"end":{"line":221,"column":66}},{"start":{"line":221,"column":70},"end":{"line":221,"column":null}}]},"12":{"loc":{"start":{"line":231,"column":29},"end":{"line":231,"column":null}},"type":"cond-expr","locations":[{"start":{"line":231,"column":53},"end":{"line":231,"column":105}},{"start":{"line":231,"column":105},"end":{"line":231,"column":null}}]},"13":{"loc":{"start":{"line":231,"column":53},"end":{"line":231,"column":105}},"type":"cond-expr","locations":[{"start":{"line":231,"column":75},"end":{"line":231,"column":89}},{"start":{"line":231,"column":89},"end":{"line":231,"column":105}}]},"14":{"loc":{"start":{"line":232,"column":44},"end":{"line":232,"column":144}},"type":"cond-expr","locations":[{"start":{"line":232,"column":67},"end":{"line":232,"column":127}},{"start":{"line":232,"column":130},"end":{"line":232,"column":144}}]},"15":{"loc":{"start":{"line":232,"column":77},"end":{"line":232,"column":127}},"type":"cond-expr","locations":[{"start":{"line":232,"column":99},"end":{"line":232,"column":113}},{"start":{"line":232,"column":113},"end":{"line":232,"column":127}}]},"16":{"loc":{"start":{"line":240,"column":29},"end":{"line":240,"column":null}},"type":"cond-expr","locations":[{"start":{"line":240,"column":53},"end":{"line":240,"column":105}},{"start":{"line":240,"column":105},"end":{"line":240,"column":null}}]},"17":{"loc":{"start":{"line":240,"column":53},"end":{"line":240,"column":105}},"type":"cond-expr","locations":[{"start":{"line":240,"column":75},"end":{"line":240,"column":89}},{"start":{"line":240,"column":89},"end":{"line":240,"column":105}}]},"18":{"loc":{"start":{"line":241,"column":39},"end":{"line":241,"column":139}},"type":"cond-expr","locations":[{"start":{"line":241,"column":62},"end":{"line":241,"column":122}},{"start":{"line":241,"column":125},"end":{"line":241,"column":139}}]},"19":{"loc":{"start":{"line":241,"column":72},"end":{"line":241,"column":122}},"type":"cond-expr","locations":[{"start":{"line":241,"column":94},"end":{"line":241,"column":108}},{"start":{"line":241,"column":108},"end":{"line":241,"column":122}}]},"20":{"loc":{"start":{"line":251,"column":29},"end":{"line":251,"column":null}},"type":"cond-expr","locations":[{"start":{"line":251,"column":55},"end":{"line":251,"column":107}},{"start":{"line":251,"column":107},"end":{"line":251,"column":null}}]},"21":{"loc":{"start":{"line":251,"column":55},"end":{"line":251,"column":107}},"type":"cond-expr","locations":[{"start":{"line":251,"column":77},"end":{"line":251,"column":91}},{"start":{"line":251,"column":91},"end":{"line":251,"column":107}}]},"22":{"loc":{"start":{"line":252,"column":41},"end":{"line":252,"column":143}},"type":"cond-expr","locations":[{"start":{"line":252,"column":66},"end":{"line":252,"column":126}},{"start":{"line":252,"column":129},"end":{"line":252,"column":143}}]},"23":{"loc":{"start":{"line":252,"column":76},"end":{"line":252,"column":126}},"type":"cond-expr","locations":[{"start":{"line":252,"column":98},"end":{"line":252,"column":112}},{"start":{"line":252,"column":112},"end":{"line":252,"column":126}}]},"24":{"loc":{"start":{"line":260,"column":29},"end":{"line":260,"column":null}},"type":"cond-expr","locations":[{"start":{"line":260,"column":56},"end":{"line":260,"column":108}},{"start":{"line":260,"column":108},"end":{"line":260,"column":null}}]},"25":{"loc":{"start":{"line":260,"column":56},"end":{"line":260,"column":108}},"type":"cond-expr","locations":[{"start":{"line":260,"column":78},"end":{"line":260,"column":92}},{"start":{"line":260,"column":92},"end":{"line":260,"column":108}}]},"26":{"loc":{"start":{"line":261,"column":42},"end":{"line":261,"column":145}},"type":"cond-expr","locations":[{"start":{"line":261,"column":68},"end":{"line":261,"column":128}},{"start":{"line":261,"column":131},"end":{"line":261,"column":145}}]},"27":{"loc":{"start":{"line":261,"column":78},"end":{"line":261,"column":128}},"type":"cond-expr","locations":[{"start":{"line":261,"column":100},"end":{"line":261,"column":114}},{"start":{"line":261,"column":114},"end":{"line":261,"column":128}}]},"28":{"loc":{"start":{"line":269,"column":15},"end":{"line":278,"column":null}},"type":"cond-expr","locations":[{"start":{"line":270,"column":16},"end":{"line":276,"column":29}},{"start":{"line":276,"column":16},"end":{"line":278,"column":null}}]},"29":{"loc":{"start":{"line":321,"column":44},"end":{"line":321,"column":null}},"type":"cond-expr","locations":[{"start":{"line":321,"column":51},"end":{"line":321,"column":58}},{"start":{"line":321,"column":61},"end":{"line":321,"column":null}}]},"30":{"loc":{"start":{"line":363,"column":7},"end":{"line":363,"column":21}},"type":"binary-expr","locations":[{"start":{"line":363,"column":7},"end":{"line":363,"column":21}},{"start":{"line":363,"column":21},"end":{"line":363,"column":null}}]},"31":{"loc":{"start":{"line":408,"column":20},"end":{"line":410,"column":null}},"type":"cond-expr","locations":[{"start":{"line":409,"column":24},"end":{"line":409,"column":null}},{"start":{"line":410,"column":24},"end":{"line":410,"column":null}}]},"32":{"loc":{"start":{"line":413,"column":32},"end":{"line":413,"column":null}},"type":"cond-expr","locations":[{"start":{"line":413,"column":58},"end":{"line":413,"column":67}},{"start":{"line":413,"column":67},"end":{"line":413,"column":null}}]},"33":{"loc":{"start":{"line":444,"column":16},"end":{"line":446,"column":null}},"type":"if","locations":[{"start":{"line":444,"column":16},"end":{"line":446,"column":null}}]},"34":{"loc":{"start":{"line":444,"column":20},"end":{"line":444,"column":53}},"type":"binary-expr","locations":[{"start":{"line":444,"column":20},"end":{"line":444,"column":33}},{"start":{"line":444,"column":33},"end":{"line":444,"column":53}}]},"35":{"loc":{"start":{"line":458,"column":7},"end":{"line":458,"column":22}},"type":"binary-expr","locations":[{"start":{"line":458,"column":7},"end":{"line":458,"column":22}}]},"36":{"loc":{"start":{"line":461,"column":7},"end":{"line":461,"column":null}},"type":"binary-expr","locations":[{"start":{"line":461,"column":7},"end":{"line":461,"column":null}}]}},"s":{"0":0,"1":0,"2":0,"3":0,"4":0,"5":0,"6":0,"7":0,"8":0,"9":0,"10":0,"11":0,"12":0,"13":0,"14":0,"15":0,"16":0,"17":0,"18":0,"19":0,"20":0,"21":0,"22":0,"23":0,"24":0,"25":0,"26":0,"27":0,"28":0,"29":0,"30":0,"31":0,"32":0,"33":0,"34":0,"35":0,"36":0,"37":0,"38":0,"39":0,"40":0,"41":0,"42":0,"43":0,"44":0,"45":0,"46":0,"47":0,"48":0,"49":0,"50":0,"51":0,"52":0,"53":0,"54":0,"55":0,"56":0,"57":0,"58":0,"59":0,"60":0,"61":0,"62":0,"63":0,"64":0,"65":0,"66":0,"67":0,"68":0,"69":0,"70":0,"71":0,"72":0,"73":0,"74":0,"75":0,"76":0,"77":0,"78":0,"79":0,"80":0,"81":0,"82":0,"83":0,"84":0,"85":0,"86":0,"87":0,"88":0,"89":0,"90":0,"91":0,"92":0,"93":0,"94":0,"95":0,"96":0,"97":0,"98":0,"99":0,"100":0,"101":0,"102":0,"103":0,"104":0,"105":0},"f":{"0":0,"1":0,"2":0,"3":0,"4":0,"5":0,"6":0,"7":0,"8":0,"9":0,"10":0,"11":0,"12":0,"13":0,"14":0,"15":0,"16":0,"17":0,"18":0,"19":0,"20":0,"21":0,"22":0,"23":0,"24":0,"25":0,"26":0,"27":0,"28":0,"29":0,"30":0,"31":0,"32":0,"33":0,"34":0,"35":0,"36":0,"37":0},"b":{"0":[0,0],"1":[0,0],"2":[0,0],"3":[0,0],"4":[0],"5":[0],"6":[0],"7":[0],"8":[0],"9":[0,0],"10":[0,0],"11":[0,0],"12":[0,0],"13":[0,0],"14":[0,0],"15":[0,0],"16":[0,0],"17":[0,0],"18":[0,0],"19":[0,0],"20":[0,0],"21":[0,0],"22":[0,0],"23":[0,0],"24":[0,0],"25":[0,0],"26":[0,0],"27":[0,0],"28":[0,0],"29":[0,0],"30":[0,0],"31":[0,0],"32":[0,0],"33":[0],"34":[0,0],"35":[0],"36":[0]}}
,"C:\\workspace\\teammanagement\\components\\theme-provider.tsx": {"path":"C:\\workspace\\teammanagement\\components\\theme-provider.tsx","statementMap":{"0":{"start":{"line":9,"column":16},"end":{"line":9,"column":30}},"1":{"start":{"line":3,"column":23},"end":{"line":3,"column":null}},"2":{"start":{"line":7,"column":7},"end":{"line":7,"column":null}}},"fnMap":{"0":{"name":"ThemeProvider","decl":{"start":{"line":9,"column":16},"end":{"line":9,"column":30}},"loc":{"start":{"line":9,"column":72},"end":{"line":11,"column":null}}}},"branchMap":{},"s":{"0":0,"1":0,"2":0},"f":{"0":0},"b":{}}
,"C:\\workspace\\teammanagement\\lib\\teams-data.ts": {"path":"C:\\workspace\\teammanagement\\lib\\teams-data.ts","statementMap":{"0":{"start":{"line":107,"column":16},"end":{"line":107,"column":30}},"1":{"start":{"line":3,"column":18},"end":{"line":24,"column":null}},"2":{"start":{"line":26,"column":18},"end":{"line":47,"column":null}},"3":{"start":{"line":49,"column":21},"end":{"line":70,"column":null}},"4":{"start":{"line":72,"column":17},"end":{"line":81,"column":null}},"5":{"start":{"line":83,"column":17},"end":{"line":99,"column":null}},"6":{"start":{"line":102,"column":17},"end":{"line":102,"column":null}},"7":{"start":{"line":103,"column":17},"end":{"line":103,"column":null}},"8":{"start":{"line":104,"column":2},"end":{"line":104,"column":null}},"9":{"start":{"line":108,"column":24},"end":{"line":108,"column":26}},"10":{"start":{"line":110,"column":2},"end":{"line":129,"column":null}},"11":{"start":{"line":110,"column":15},"end":{"line":110,"column":18}},"12":{"start":{"line":111,"column":22},"end":{"line":111,"column":42}},"13":{"start":{"line":112,"column":24},"end":{"line":112,"column":43}},"14":{"start":{"line":113,"column":25},"end":{"line":113,"column":44}},"15":{"start":{"line":114,"column":22},"end":{"line":114,"column":45}},"16":{"start":{"line":116,"column":21},"end":{"line":116,"column":41}},"17":{"start":{"line":117,"column":19},"end":{"line":117,"column":40}},"18":{"start":{"line":118,"column":21},"end":{"line":118,"column":null}},"19":{"start":{"line":120,"column":4},"end":{"line":128,"column":null}},"20":{"start":{"line":131,"column":2},"end":{"line":131,"column":null}}},"fnMap":{"0":{"name":"generateEmail","decl":{"start":{"line":101,"column":9},"end":{"line":101,"column":23}},"loc":{"start":{"line":101,"column":55},"end":{"line":105,"column":null}}},"1":{"name":"generateTeams","decl":{"start":{"line":107,"column":16},"end":{"line":107,"column":30}},"loc":{"start":{"line":107,"column":41},"end":{"line":132,"column":null}}}},"branchMap":{"0":{"loc":{"start":{"line":107,"column":30},"end":{"line":107,"column":41}},"type":"default-arg","locations":[{"start":{"line":107,"column":38},"end":{"line":107,"column":41}}]},"1":{"loc":{"start":{"line":118,"column":21},"end":{"line":118,"column":null}},"type":"cond-expr","locations":[{"start":{"line":118,"column":34},"end":{"line":118,"column":87}},{"start":{"line":118,"column":90},"end":{"line":118,"column":null}}]},"2":{"loc":{"start":{"line":123,"column":38},"end":{"line":123,"column":116}},"type":"cond-expr","locations":[{"start":{"line":123,"column":77},"end":{"line":123,"column":112}},{"start":{"line":123,"column":112},"end":{"line":123,"column":116}}]}},"s":{"0":1,"1":1,"2":1,"3":1,"4":1,"5":1,"6":500,"7":500,"8":500,"9":1,"10":1,"11":1,"12":500,"13":500,"14":500,"15":500,"16":500,"17":500,"18":500,"19":500,"20":1},"f":{"0":500,"1":1},"b":{"0":[0],"1":[500,0],"2":[480,20]}}
,"C:\\workspace\\teammanagement\\lib\\utils.ts": {"path":"C:\\workspace\\teammanagement\\lib\\utils.ts","statementMap":{"0":{"start":{"line":4,"column":16},"end":{"line":4,"column":19}},"1":{"start":{"line":1,"column":38},"end":{"line":1,"column":null}},"2":{"start":{"line":2,"column":24},"end":{"line":2,"column":null}},"3":{"start":{"line":5,"column":2},"end":{"line":5,"column":null}}},"fnMap":{"0":{"name":"cn","decl":{"start":{"line":4,"column":16},"end":{"line":4,"column":19}},"loc":{"start":{"line":4,"column":42},"end":{"line":6,"column":null}}}},"branchMap":{},"s":{"0":0,"1":0,"2":0,"3":0},"f":{"0":0},"b":{}}
,"C:\\workspace\\teammanagement\\lib\\schemas\\team-schema.ts": {"path":"C:\\workspace\\teammanagement\\lib\\schemas\\team-schema.ts","statementMap":{"0":{"start":{"line":3,"column":13},"end":{"line":3,"column":30}},"1":{"start":{"line":1,"column":18},"end":{"line":1,"column":null}},"2":{"start":{"line":3,"column":30},"end":{"line":27,"column":null}}},"fnMap":{},"branchMap":{},"s":{"0":18,"1":1,"2":1},"f":{},"b":{}}
,"C:\\workspace\\teammanagement\\lib\\store\\teams-store.ts": {"path":"C:\\workspace\\teammanagement\\lib\\store\\teams-store.ts","statementMap":{"0":{"start":{"line":27,"column":13},"end":{"line":27,"column":29}},"1":{"start":{"line":1,"column":23},"end":{"line":1,"column":null}},"2":{"start":{"line":3,"column":30},"end":{"line":3,"column":null}},"3":{"start":{"line":25,"column":14},"end":{"line":25,"column":null}},"4":{"start":{"line":25,"column":30},"end":{"line":25,"column":null}},"5":{"start":{"line":25,"column":55},"end":{"line":25,"column":null}},"6":{"start":{"line":27,"column":29},"end":{"line":147,"column":null}},"7":{"start":{"line":27,"column":63},"end":{"line":147,"column":null}},"8":{"start":{"line":37,"column":4},"end":{"line":37,"column":null}},"9":{"start":{"line":38,"column":4},"end":{"line":38,"column":null}},"10":{"start":{"line":39,"column":18},"end":{"line":39,"column":null}},"11":{"start":{"line":40,"column":4},"end":{"line":40,"column":null}},"12":{"start":{"line":41,"column":4},"end":{"line":41,"column":null}},"13":{"start":{"line":45,"column":4},"end":{"line":45,"column":null}},"14":{"start":{"line":46,"column":4},"end":{"line":46,"column":null}},"15":{"start":{"line":47,"column":4},"end":{"line":47,"column":null}},"16":{"start":{"line":48,"column":26},"end":{"line":51,"column":null}},"17":{"start":{"line":52,"column":4},"end":{"line":55,"column":null}},"18":{"start":{"line":52,"column":20},"end":{"line":55,"column":null}},"19":{"start":{"line":56,"column":4},"end":{"line":56,"column":null}},"20":{"start":{"line":57,"column":4},"end":{"line":57,"column":null}},"21":{"start":{"line":61,"column":4},"end":{"line":61,"column":null}},"22":{"start":{"line":62,"column":4},"end":{"line":62,"column":null}},"23":{"start":{"line":63,"column":4},"end":{"line":63,"column":null}},"24":{"start":{"line":64,"column":4},"end":{"line":67,"column":null}},"25":{"start":{"line":64,"column":20},"end":{"line":67,"column":null}},"26":{"start":{"line":65,"column":40},"end":{"line":65,"column":null}},"27":{"start":{"line":68,"column":4},"end":{"line":68,"column":null}},"28":{"start":{"line":69,"column":4},"end":{"line":69,"column":null}},"29":{"start":{"line":73,"column":4},"end":{"line":73,"column":null}},"30":{"start":{"line":74,"column":4},"end":{"line":74,"column":null}},"31":{"start":{"line":75,"column":4},"end":{"line":75,"column":null}},"32":{"start":{"line":76,"column":4},"end":{"line":79,"column":null}},"33":{"start":{"line":76,"column":20},"end":{"line":79,"column":null}},"34":{"start":{"line":77,"column":42},"end":{"line":77,"column":null}},"35":{"start":{"line":80,"column":4},"end":{"line":80,"column":null}},"36":{"start":{"line":81,"column":4},"end":{"line":81,"column":null}},"37":{"start":{"line":85,"column":4},"end":{"line":85,"column":null}},"38":{"start":{"line":86,"column":4},"end":{"line":86,"column":null}},"39":{"start":{"line":90,"column":25},"end":{"line":90,"column":40}},"40":{"start":{"line":91,"column":25},"end":{"line":91,"column":40}},"41":{"start":{"line":93,"column":4},"end":{"line":99,"column":null}},"42":{"start":{"line":95,"column":6},"end":{"line":95,"column":null}},"43":{"start":{"line":98,"column":6},"end":{"line":98,"column":null}},"44":{"start":{"line":100,"column":4},"end":{"line":100,"column":null}},"45":{"start":{"line":104,"column":4},"end":{"line":104,"column":null}},"46":{"start":{"line":105,"column":4},"end":{"line":105,"column":null}},"47":{"start":{"line":109,"column":73},"end":{"line":109,"column":null}},"48":{"start":{"line":111,"column":19},"end":{"line":111,"column":null}},"49":{"start":{"line":114,"column":4},"end":{"line":119,"column":null}},"50":{"start":{"line":115,"column":20},"end":{"line":115,"column":null}},"51":{"start":{"line":116,"column":6},"end":{"line":117,"column":null}},"52":{"start":{"line":117,"column":18},"end":{"line":117,"column":null}},"53":{"start":{"line":122,"column":4},"end":{"line":124,"column":null}},"54":{"start":{"line":123,"column":6},"end":{"line":123,"column":null}},"55":{"start":{"line":123,"column":43},"end":{"line":123,"column":null}},"56":{"start":{"line":127,"column":4},"end":{"line":143,"column":null}},"57":{"start":{"line":128,"column":6},"end":{"line":142,"column":null}},"58":{"start":{"line":132,"column":8},"end":{"line":138,"column":null}},"59":{"start":{"line":133,"column":10},"end":{"line":133,"column":null}},"60":{"start":{"line":134,"column":10},"end":{"line":134,"column":null}},"61":{"start":{"line":136,"column":10},"end":{"line":136,"column":null}},"62":{"start":{"line":137,"column":10},"end":{"line":137,"column":null}},"63":{"start":{"line":140,"column":27},"end":{"line":140,"column":null}},"64":{"start":{"line":141,"column":8},"end":{"line":141,"column":null}},"65":{"start":{"line":145,"column":4},"end":{"line":145,"column":null}}},"fnMap":{"0":{"name":"(anonymous_1)","decl":{"start":{"line":25,"column":14},"end":{"line":25,"column":15}},"loc":{"start":{"line":25,"column":30},"end":{"line":25,"column":null}}},"1":{"name":"(anonymous_2)","decl":{"start":{"line":25,"column":42},"end":{"line":25,"column":43}},"loc":{"start":{"line":25,"column":55},"end":{"line":25,"column":null}}},"2":{"name":"(anonymous_3)","decl":{"start":{"line":27,"column":48},"end":{"line":27,"column":49}},"loc":{"start":{"line":27,"column":63},"end":{"line":147,"column":null}}},"3":{"name":"(anonymous_4)","decl":{"start":{"line":36,"column":14},"end":{"line":36,"column":null}},"loc":{"start":{"line":36,"column":14},"end":{"line":42,"column":null}}},"4":{"name":"(anonymous_5)","decl":{"start":{"line":44,"column":14},"end":{"line":44,"column":21}},"loc":{"start":{"line":44,"column":21},"end":{"line":58,"column":null}}},"5":{"name":"(anonymous_6)","decl":{"start":{"line":52,"column":8},"end":{"line":52,"column":9}},"loc":{"start":{"line":52,"column":20},"end":{"line":55,"column":null}}},"6":{"name":"(anonymous_7)","decl":{"start":{"line":60,"column":14},"end":{"line":60,"column":21}},"loc":{"start":{"line":60,"column":25},"end":{"line":70,"column":null}}},"7":{"name":"(anonymous_8)","decl":{"start":{"line":64,"column":8},"end":{"line":64,"column":9}},"loc":{"start":{"line":64,"column":20},"end":{"line":67,"column":null}}},"8":{"name":"(anonymous_9)","decl":{"start":{"line":65,"column":29},"end":{"line":65,"column":30}},"loc":{"start":{"line":65,"column":40},"end":{"line":65,"column":null}}},"9":{"name":"(anonymous_10)","decl":{"start":{"line":72,"column":14},"end":{"line":72,"column":21}},"loc":{"start":{"line":72,"column":21},"end":{"line":82,"column":null}}},"10":{"name":"(anonymous_11)","decl":{"start":{"line":76,"column":8},"end":{"line":76,"column":9}},"loc":{"start":{"line":76,"column":20},"end":{"line":79,"column":null}}},"11":{"name":"(anonymous_12)","decl":{"start":{"line":77,"column":32},"end":{"line":77,"column":33}},"loc":{"start":{"line":77,"column":42},"end":{"line":77,"column":null}}},"12":{"name":"(anonymous_13)","decl":{"start":{"line":84,"column":18},"end":{"line":84,"column":19}},"loc":{"start":{"line":84,"column":19},"end":{"line":87,"column":null}}},"13":{"name":"(anonymous_14)","decl":{"start":{"line":89,"column":16},"end":{"line":89,"column":17}},"loc":{"start":{"line":89,"column":17},"end":{"line":101,"column":null}}},"14":{"name":"(anonymous_15)","decl":{"start":{"line":103,"column":21},"end":{"line":103,"column":22}},"loc":{"start":{"line":103,"column":22},"end":{"line":106,"column":null}}},"15":{"name":"(anonymous_16)","decl":{"start":{"line":108,"column":22},"end":{"line":108,"column":null}},"loc":{"start":{"line":108,"column":22},"end":{"line":146,"column":null}}},"16":{"name":"(anonymous_17)","decl":{"start":{"line":117,"column":8},"end":{"line":117,"column":9}},"loc":{"start":{"line":117,"column":18},"end":{"line":117,"column":null}}},"17":{"name":"(anonymous_18)","decl":{"start":{"line":123,"column":33},"end":{"line":123,"column":34}},"loc":{"start":{"line":123,"column":43},"end":{"line":123,"column":null}}},"18":{"name":"(anonymous_19)","decl":{"start":{"line":128,"column":20},"end":{"line":128,"column":21}},"loc":{"start":{"line":128,"column":24},"end":{"line":142,"column":null}}}},"branchMap":{"0":{"loc":{"start":{"line":65,"column":40},"end":{"line":65,"column":null}},"type":"cond-expr","locations":[{"start":{"line":65,"column":57},"end":{"line":65,"column":84}},{"start":{"line":65,"column":84},"end":{"line":65,"column":null}}]},"1":{"loc":{"start":{"line":93,"column":4},"end":{"line":99,"column":null}},"type":"if","locations":[{"start":{"line":93,"column":4},"end":{"line":99,"column":null}},{"start":{"line":96,"column":11},"end":{"line":99,"column":null}}]},"2":{"loc":{"start":{"line":95,"column":23},"end":{"line":95,"column":63}},"type":"cond-expr","locations":[{"start":{"line":95,"column":48},"end":{"line":95,"column":57}},{"start":{"line":95,"column":57},"end":{"line":95,"column":63}}]},"3":{"loc":{"start":{"line":114,"column":4},"end":{"line":119,"column":null}},"type":"if","locations":[{"start":{"line":114,"column":4},"end":{"line":119,"column":null}}]},"4":{"loc":{"start":{"line":117,"column":18},"end":{"line":117,"column":null}},"type":"binary-expr","locations":[{"start":{"line":117,"column":18},"end":{"line":117,"column":61}},{"start":{"line":117,"column":61},"end":{"line":117,"column":null}}]},"5":{"loc":{"start":{"line":122,"column":4},"end":{"line":124,"column":null}},"type":"if","locations":[{"start":{"line":122,"column":4},"end":{"line":124,"column":null}}]},"6":{"loc":{"start":{"line":122,"column":8},"end":{"line":122,"column":61}},"type":"binary-expr","locations":[{"start":{"line":122,"column":8},"end":{"line":122,"column":26}},{"start":{"line":122,"column":26},"end":{"line":122,"column":61}}]},"7":{"loc":{"start":{"line":127,"column":4},"end":{"line":143,"column":null}},"type":"if","locations":[{"start":{"line":127,"column":4},"end":{"line":143,"column":null}}]},"8":{"loc":{"start":{"line":132,"column":8},"end":{"line":138,"column":null}},"type":"if","locations":[{"start":{"line":132,"column":8},"end":{"line":138,"column":null}},{"start":{"line":135,"column":15},"end":{"line":138,"column":null}}]},"9":{"loc":{"start":{"line":141,"column":15},"end":{"line":141,"column":null}},"type":"cond-expr","locations":[{"start":{"line":141,"column":37},"end":{"line":141,"column":50}},{"start":{"line":141,"column":50},"end":{"line":141,"column":null}}]}},"s":{"0":50,"1":1,"2":1,"3":1,"4":4,"5":4,"6":1,"7":1,"8":1,"9":1,"10":1,"11":1,"12":1,"13":1,"14":1,"15":1,"16":1,"17":1,"18":1,"19":1,"20":1,"21":1,"22":1,"23":1,"24":1,"25":1,"26":1,"27":1,"28":1,"29":1,"30":1,"31":1,"32":1,"33":1,"34":1,"35":1,"36":1,"37":1,"38":1,"39":3,"40":3,"41":3,"42":1,"43":2,"44":3,"45":1,"46":1,"47":13,"48":13,"49":13,"50":1,"51":1,"52":2,"53":13,"54":1,"55":2,"56":13,"57":3,"58":3,"59":0,"60":0,"61":3,"62":3,"63":3,"64":3,"65":13},"f":{"0":4,"1":4,"2":1,"3":1,"4":1,"5":1,"6":1,"7":1,"8":1,"9":1,"10":1,"11":1,"12":1,"13":3,"14":1,"15":13,"16":2,"17":2,"18":3},"b":{"0":[1,0],"1":[1,2],"2":[1,0],"3":[1],"4":[2,1],"5":[1],"6":[13,13],"7":[3],"8":[0,3],"9":[2,1]}}
}
