TN:
SF:components\breadcrumb-nav.tsx
FN:4,BreadcrumbNav
FNF:1
FNH:0
FNDA:0,BreadcrumbNav
DA:1,0
DA:2,0
DA:4,0
LF:3
LH:0
BRF:0
BRH:0
end_of_record
TN:
SF:components\confirm-modal.tsx
FN:22,ConfirmModal
FNF:1
FNH:0
FNDA:0,ConfirmModal
DA:12,0
DA:22,0
LF:2
LH:0
BRDA:35,0,0,0
BRDA:35,0,1,0
BRF:2
BRH:0
end_of_record
TN:
SF:components\create-team-modal.tsx
FN:23,CreateTeamModal
FN:49,(anonymous_2)
FN:70,(anonymous_3)
FN:75,(anonymous_4)
FN:82,(anonymous_5)
FN:107,(anonymous_6)
FN:121,(anonymous_7)
FN:204,(anonymous_8)
FN:281,(anonymous_9)
FN:293,(anonymous_10)
FNF:10
FNH:0
FNDA:0,CreateTeamModal
FNDA:0,(anonymous_2)
FNDA:0,(anonymous_3)
FNDA:0,(anonymous_4)
FNDA:0,(anonymous_5)
FNDA:0,(anonymous_6)
FNDA:0,(anonymous_7)
FNDA:0,(anonymous_8)
FNDA:0,(anonymous_9)
FNDA:0,(anonymous_10)
DA:3,0
DA:4,0
DA:5,0
DA:6,0
DA:7,0
DA:8,0
DA:9,0
DA:10,0
DA:11,0
DA:12,0
DA:13,0
DA:14,0
DA:15,0
DA:16,0
DA:23,0
DA:24,0
DA:25,0
DA:26,0
DA:27,0
DA:36,0
DA:49,0
DA:50,0
DA:51,0
DA:59,0
DA:63,0
DA:64,0
DA:65,0
DA:67,0
DA:68,0
DA:70,0
DA:71,0
DA:72,0
DA:75,0
DA:76,0
DA:78,0
DA:80,0
DA:82,0
DA:87,0
DA:99,0
DA:100,0
DA:102,0
DA:103,0
DA:107,0
DA:108,0
DA:109,0
DA:110,0
DA:118,0
DA:121,0
DA:122,0
DA:130,0
DA:131,0
DA:134,0
DA:206,0
DA:207,0
DA:281,0
DA:294,0
LF:56
LH:0
BRDA:50,0,0,0
BRDA:67,1,0,0
BRDA:67,1,1,0
BRDA:67,1,2,0
BRDA:68,2,0,0
BRDA:68,2,1,0
BRDA:68,2,2,0
BRDA:76,3,0,0
BRDA:174,4,0,0
BRDA:174,4,1,0
BRDA:176,5,0,0
BRDA:176,5,1,0
BRDA:177,6,0,0
BRDA:177,6,1,0
BRDA:179,7,0,0
BRDA:186,8,0,0
BRDA:203,9,0,0
BRDA:203,9,1,0
BRDA:210,10,0,0
BRDA:210,10,1,0
BRDA:211,11,0,0
BRDA:211,11,1,0
BRDA:213,12,0,0
BRDA:220,13,0,0
BRDA:240,14,0,0
BRDA:240,14,1,0
BRDA:242,15,0,0
BRDA:242,15,1,0
BRDA:243,16,0,0
BRDA:243,16,1,0
BRDA:245,17,0,0
BRDA:262,18,0,0
BRDA:262,18,1,0
BRDA:264,19,0,0
BRDA:264,19,1,0
BRDA:265,20,0,0
BRDA:265,20,1,0
BRDA:267,21,0,0
BRDA:285,22,0,0
BRDA:285,22,1,0
BRDA:287,23,0,0
BRDA:287,23,1,0
BRDA:288,24,0,0
BRDA:288,24,1,0
BRDA:300,25,0,0
BRDA:316,26,0,0
BRDA:316,26,1,0
BRDA:318,27,0,0
BRDA:318,27,1,0
BRDA:319,28,0,0
BRDA:319,28,1,0
BRDA:321,29,0,0
BRDA:349,30,0,0
BRDA:349,30,1,0
BRF:54
BRH:0
end_of_record
TN:
SF:components\delete-confirm-modal.tsx
FN:22,DeleteConfirmModal
FN:23,(anonymous_2)
FN:27,(anonymous_3)
FNF:3
FNH:0
FNDA:0,DeleteConfirmModal
FNDA:0,(anonymous_2)
FNDA:0,(anonymous_3)
DA:3,0
DA:13,0
DA:22,0
DA:23,0
DA:24,0
DA:27,0
DA:28,0
LF:7
LH:0
BRF:0
BRH:0
end_of_record
TN:
SF:components\edit-team-modal.tsx
FN:25,EditTeamModal
FN:51,(anonymous_2)
FN:76,(anonymous_3)
FN:82,(anonymous_4)
FN:90,(anonymous_5)
FN:116,(anonymous_6)
FN:126,(anonymous_7)
FN:151,(anonymous_8)
FN:236,(anonymous_9)
FN:313,(anonymous_10)
FN:325,(anonymous_11)
FNF:11
FNH:0
FNDA:0,EditTeamModal
FNDA:0,(anonymous_2)
FNDA:0,(anonymous_3)
FNDA:0,(anonymous_4)
FNDA:0,(anonymous_5)
FNDA:0,(anonymous_6)
FNDA:0,(anonymous_7)
FNDA:0,(anonymous_8)
FNDA:0,(anonymous_9)
FNDA:0,(anonymous_10)
FNDA:0,(anonymous_11)
DA:3,0
DA:4,0
DA:5,0
DA:6,0
DA:7,0
DA:8,0
DA:9,0
DA:10,0
DA:11,0
DA:12,0
DA:13,0
DA:14,0
DA:15,0
DA:16,0
DA:25,0
DA:26,0
DA:27,0
DA:28,0
DA:29,0
DA:38,0
DA:51,0
DA:52,0
DA:53,0
DA:54,0
DA:62,0
DA:63,0
DA:64,0
DA:68,0
DA:69,0
DA:70,0
DA:73,0
DA:74,0
DA:76,0
DA:77,0
DA:78,0
DA:79,0
DA:82,0
DA:83,0
DA:85,0
DA:86,0
DA:88,0
DA:90,0
DA:95,0
DA:107,0
DA:108,0
DA:109,0
DA:111,0
DA:112,0
DA:116,0
DA:117,0
DA:118,0
DA:119,0
DA:120,0
DA:121,0
DA:122,0
DA:126,0
DA:127,0
DA:136,0
DA:137,0
DA:138,0
DA:141,0
DA:142,0
DA:143,0
DA:144,0
DA:145,0
DA:146,0
DA:148,0
DA:151,0
DA:152,0
DA:154,0
DA:155,0
DA:156,0
DA:159,0
DA:160,0
DA:161,0
DA:162,0
DA:163,0
DA:166,0
DA:238,0
DA:239,0
DA:313,0
DA:326,0
LF:82
LH:0
BRDA:52,0,0,0
BRDA:73,1,0,0
BRDA:73,1,1,0
BRDA:73,1,2,0
BRDA:74,2,0,0
BRDA:74,2,1,0
BRDA:74,2,2,0
BRDA:83,3,0,0
BRDA:119,4,0,0
BRDA:136,5,0,0
BRDA:136,6,0,0
BRDA:136,6,1,0
BRDA:136,6,2,0
BRDA:141,7,0,0
BRDA:154,8,0,0
BRDA:154,9,0,0
BRDA:154,9,1,0
BRDA:206,10,0,0
BRDA:206,10,1,0
BRDA:208,11,0,0
BRDA:208,11,1,0
BRDA:209,12,0,0
BRDA:209,12,1,0
BRDA:211,13,0,0
BRDA:218,14,0,0
BRDA:235,15,0,0
BRDA:235,15,1,0
BRDA:242,16,0,0
BRDA:242,16,1,0
BRDA:243,17,0,0
BRDA:243,17,1,0
BRDA:245,18,0,0
BRDA:252,19,0,0
BRDA:272,20,0,0
BRDA:272,20,1,0
BRDA:274,21,0,0
BRDA:274,21,1,0
BRDA:275,22,0,0
BRDA:275,22,1,0
BRDA:277,23,0,0
BRDA:294,24,0,0
BRDA:294,24,1,0
BRDA:296,25,0,0
BRDA:296,25,1,0
BRDA:297,26,0,0
BRDA:297,26,1,0
BRDA:299,27,0,0
BRDA:317,28,0,0
BRDA:317,28,1,0
BRDA:319,29,0,0
BRDA:319,29,1,0
BRDA:320,30,0,0
BRDA:320,30,1,0
BRDA:332,31,0,0
BRDA:348,32,0,0
BRDA:348,32,1,0
BRDA:350,33,0,0
BRDA:350,33,1,0
BRDA:351,34,0,0
BRDA:351,34,1,0
BRDA:353,35,0,0
BRDA:381,36,0,0
BRDA:381,36,1,0
BRF:63
BRH:0
end_of_record
TN:
SF:components\header.tsx
FN:6,Header
FNF:1
FNH:0
FNDA:0,Header
DA:1,0
DA:2,0
DA:3,0
DA:4,0
DA:6,0
LF:5
LH:0
BRF:0
BRH:0
end_of_record
TN:
SF:components\notification-modal.tsx
FN:21,NotificationModal
FN:36,(anonymous_2)
FNF:2
FNH:0
FNDA:0,NotificationModal
FNDA:0,(anonymous_2)
DA:3,0
DA:12,0
DA:21,0
DA:36,0
LF:4
LH:0
BRF:0
BRH:0
end_of_record
TN:
SF:components\sub-header.tsx
FN:4,SubHeader
FNF:1
FNH:0
FNDA:0,SubHeader
DA:1,0
DA:2,0
DA:4,0
LF:3
LH:0
BRF:0
BRH:0
end_of_record
TN:
SF:components\teams-table.tsx
FN:28,TeamsTable
FN:55,(anonymous_2)
FN:59,(anonymous_3)
FN:60,(anonymous_4)
FN:64,(anonymous_5)
FN:72,(anonymous_6)
FN:73,(anonymous_7)
FN:73,(anonymous_8)
FN:76,(anonymous_9)
FN:77,(anonymous_10)
FN:78,(anonymous_11)
FN:82,(anonymous_12)
FN:86,(anonymous_13)
FN:91,(anonymous_14)
FN:98,(anonymous_15)
FN:105,(anonymous_16)
FN:116,(anonymous_17)
FN:125,(anonymous_18)
FN:159,(anonymous_19)
FN:172,(anonymous_20)
FN:186,(anonymous_21)
FN:228,(anonymous_22)
FN:237,(anonymous_23)
FN:248,(anonymous_24)
FN:257,(anonymous_25)
FN:276,(anonymous_26)
FN:286,(anonymous_27)
FN:319,(anonymous_28)
FN:336,(anonymous_29)
FN:344,(anonymous_30)
FN:373,(anonymous_31)
FN:393,(anonymous_32)
FN:393,(anonymous_33)
FN:399,(anonymous_34)
FN:406,(anonymous_35)
FN:423,(anonymous_36)
FN:423,(anonymous_37)
FN:442,(anonymous_38)
FNF:38
FNH:0
FNDA:0,TeamsTable
FNDA:0,(anonymous_2)
FNDA:0,(anonymous_3)
FNDA:0,(anonymous_4)
FNDA:0,(anonymous_5)
FNDA:0,(anonymous_6)
FNDA:0,(anonymous_7)
FNDA:0,(anonymous_8)
FNDA:0,(anonymous_9)
FNDA:0,(anonymous_10)
FNDA:0,(anonymous_11)
FNDA:0,(anonymous_12)
FNDA:0,(anonymous_13)
FNDA:0,(anonymous_14)
FNDA:0,(anonymous_15)
FNDA:0,(anonymous_16)
FNDA:0,(anonymous_17)
FNDA:0,(anonymous_18)
FNDA:0,(anonymous_19)
FNDA:0,(anonymous_20)
FNDA:0,(anonymous_21)
FNDA:0,(anonymous_22)
FNDA:0,(anonymous_23)
FNDA:0,(anonymous_24)
FNDA:0,(anonymous_25)
FNDA:0,(anonymous_26)
FNDA:0,(anonymous_27)
FNDA:0,(anonymous_28)
FNDA:0,(anonymous_29)
FNDA:0,(anonymous_30)
FNDA:0,(anonymous_31)
FNDA:0,(anonymous_32)
FNDA:0,(anonymous_33)
FNDA:0,(anonymous_34)
FNDA:0,(anonymous_35)
FNDA:0,(anonymous_36)
FNDA:0,(anonymous_37)
FNDA:0,(anonymous_38)
DA:3,0
DA:14,0
DA:15,0
DA:16,0
DA:17,0
DA:18,0
DA:19,0
DA:20,0
DA:21,0
DA:23,0
DA:24,0
DA:25,0
DA:26,0
DA:28,0
DA:29,0
DA:30,0
DA:31,0
DA:32,0
DA:33,0
DA:34,0
DA:35,0
DA:36,0
DA:37,0
DA:38,0
DA:39,0
DA:53,0
DA:55,0
DA:56,0
DA:59,0
DA:60,0
DA:61,0
DA:62,0
DA:64,0
DA:67,0
DA:68,0
DA:69,0
DA:70,0
DA:72,0
DA:73,0
DA:76,0
DA:77,0
DA:78,0
DA:82,0
DA:83,0
DA:86,0
DA:88,0
DA:91,0
DA:92,0
DA:93,0
DA:94,0
DA:95,0
DA:98,0
DA:99,0
DA:100,0
DA:101,0
DA:102,0
DA:105,0
DA:106,0
DA:107,0
DA:108,0
DA:109,0
DA:110,0
DA:111,0
DA:112,0
DA:116,0
DA:117,0
DA:118,0
DA:119,0
DA:120,0
DA:121,0
DA:125,0
DA:126,0
DA:127,0
DA:128,0
DA:129,0
DA:130,0
DA:134,0
DA:159,0
DA:173,0
DA:186,0
DA:228,0
DA:237,0
DA:248,0
DA:257,0
DA:277,0
DA:286,0
DA:320,0
DA:321,0
DA:336,0
DA:344,0
DA:374,0
DA:375,0
DA:393,0
DA:400,0
DA:401,0
DA:406,0
DA:423,0
DA:443,0
DA:444,0
DA:445,0
LF:100
LH:0
BRDA:73,0,0,0
BRDA:73,0,1,0
BRDA:78,1,0,0
BRDA:78,1,1,0
BRDA:78,2,0,0
BRDA:78,2,1,0
BRDA:88,3,0,0
BRDA:88,3,1,0
BRDA:106,4,0,0
BRDA:119,5,0,0
BRDA:128,6,0,0
BRDA:195,7,0,0
BRDA:202,8,0,0
BRDA:217,9,0,0
BRDA:217,9,1,0
BRDA:221,10,0,0
BRDA:221,10,1,0
BRDA:221,11,0,0
BRDA:221,11,1,0
BRDA:231,12,0,0
BRDA:231,12,1,0
BRDA:231,13,0,0
BRDA:231,13,1,0
BRDA:232,14,0,0
BRDA:232,14,1,0
BRDA:232,15,0,0
BRDA:232,15,1,0
BRDA:240,16,0,0
BRDA:240,16,1,0
BRDA:240,17,0,0
BRDA:240,17,1,0
BRDA:241,18,0,0
BRDA:241,18,1,0
BRDA:241,19,0,0
BRDA:241,19,1,0
BRDA:251,20,0,0
BRDA:251,20,1,0
BRDA:251,21,0,0
BRDA:251,21,1,0
BRDA:252,22,0,0
BRDA:252,22,1,0
BRDA:252,23,0,0
BRDA:252,23,1,0
BRDA:260,24,0,0
BRDA:260,24,1,0
BRDA:260,25,0,0
BRDA:260,25,1,0
BRDA:261,26,0,0
BRDA:261,26,1,0
BRDA:261,27,0,0
BRDA:261,27,1,0
BRDA:269,28,0,0
BRDA:269,28,1,0
BRDA:321,29,0,0
BRDA:321,29,1,0
BRDA:363,30,0,0
BRDA:363,30,1,0
BRDA:408,31,0,0
BRDA:408,31,1,0
BRDA:413,32,0,0
BRDA:413,32,1,0
BRDA:444,33,0,0
BRDA:444,34,0,0
BRDA:444,34,1,0
BRDA:458,35,0,0
BRDA:461,36,0,0
BRF:66
BRH:0
end_of_record
TN:
SF:components\theme-provider.tsx
FN:9,ThemeProvider
FNF:1
FNH:0
FNDA:0,ThemeProvider
DA:3,0
DA:7,0
DA:9,0
LF:3
LH:0
BRF:0
BRH:0
end_of_record
TN:
SF:lib\teams-data.ts
FN:101,generateEmail
FN:107,generateTeams
FNF:2
FNH:2
FNDA:500,generateEmail
FNDA:1,generateTeams
DA:3,1
DA:26,1
DA:49,1
DA:72,1
DA:83,1
DA:102,500
DA:103,500
DA:104,500
DA:107,1
DA:108,1
DA:110,1
DA:111,500
DA:112,500
DA:113,500
DA:114,500
DA:116,500
DA:117,500
DA:118,500
DA:120,500
DA:131,1
LF:20
LH:20
BRDA:107,0,0,0
BRDA:118,1,0,500
BRDA:118,1,1,0
BRDA:123,2,0,480
BRDA:123,2,1,20
BRF:5
BRH:3
end_of_record
TN:
SF:lib\utils.ts
FN:4,cn
FNF:1
FNH:0
FNDA:0,cn
DA:1,0
DA:2,0
DA:4,0
DA:5,0
LF:4
LH:0
BRF:0
BRH:0
end_of_record
TN:
SF:lib\schemas\team-schema.ts
FNF:0
FNH:0
DA:1,1
DA:3,18
LF:2
LH:2
BRF:0
BRH:0
end_of_record
TN:
SF:lib\store\teams-store.ts
FN:25,(anonymous_1)
FN:25,(anonymous_2)
FN:27,(anonymous_3)
FN:36,(anonymous_4)
FN:44,(anonymous_5)
FN:52,(anonymous_6)
FN:60,(anonymous_7)
FN:64,(anonymous_8)
FN:65,(anonymous_9)
FN:72,(anonymous_10)
FN:76,(anonymous_11)
FN:77,(anonymous_12)
FN:84,(anonymous_13)
FN:89,(anonymous_14)
FN:103,(anonymous_15)
FN:108,(anonymous_16)
FN:117,(anonymous_17)
FN:123,(anonymous_18)
FN:128,(anonymous_19)
FNF:19
FNH:19
FNDA:4,(anonymous_1)
FNDA:4,(anonymous_2)
FNDA:1,(anonymous_3)
FNDA:1,(anonymous_4)
FNDA:1,(anonymous_5)
FNDA:1,(anonymous_6)
FNDA:1,(anonymous_7)
FNDA:1,(anonymous_8)
FNDA:1,(anonymous_9)
FNDA:1,(anonymous_10)
FNDA:1,(anonymous_11)
FNDA:1,(anonymous_12)
FNDA:1,(anonymous_13)
FNDA:3,(anonymous_14)
FNDA:1,(anonymous_15)
FNDA:13,(anonymous_16)
FNDA:2,(anonymous_17)
FNDA:2,(anonymous_18)
FNDA:3,(anonymous_19)
DA:1,1
DA:3,1
DA:25,4
DA:27,50
DA:37,1
DA:38,1
DA:39,1
DA:40,1
DA:41,1
DA:45,1
DA:46,1
DA:47,1
DA:48,1
DA:52,1
DA:56,1
DA:57,1
DA:61,1
DA:62,1
DA:63,1
DA:64,1
DA:65,1
DA:68,1
DA:69,1
DA:73,1
DA:74,1
DA:75,1
DA:76,1
DA:77,1
DA:80,1
DA:81,1
DA:85,1
DA:86,1
DA:90,3
DA:91,3
DA:93,3
DA:95,1
DA:98,2
DA:100,3
DA:104,1
DA:105,1
DA:109,13
DA:111,13
DA:114,13
DA:115,1
DA:116,1
DA:117,2
DA:122,13
DA:123,2
DA:127,13
DA:128,3
DA:132,3
DA:133,0
DA:134,0
DA:136,3
DA:137,3
DA:140,3
DA:141,3
DA:145,13
LF:58
LH:56
BRDA:65,0,0,1
BRDA:65,0,1,0
BRDA:93,1,0,1
BRDA:93,1,1,2
BRDA:95,2,0,1
BRDA:95,2,1,0
BRDA:114,3,0,1
BRDA:117,4,0,2
BRDA:117,4,1,1
BRDA:122,5,0,1
BRDA:122,6,0,13
BRDA:122,6,1,13
BRDA:127,7,0,3
BRDA:132,8,0,0
BRDA:132,8,1,3
BRDA:141,9,0,2
BRDA:141,9,1,1
BRF:17
BRH:14
end_of_record
